{"C:\\Users\\harsh\\3018-Project-milestone\\src\\app.ts": {"path":"C:\\Users\\harsh\\3018-Project-milestone\\src\\app.ts","statementMap":{"0":{"start":{"line":1,"column":0},"end":{"line":1,"column":30}},"1":{"start":{"line":2,"column":0},"end":{"line":2,"column":24}},"2":{"start":{"line":3,"column":0},"end":{"line":3,"column":28}},"3":{"start":{"line":4,"column":0},"end":{"line":4,"column":28}},"4":{"start":{"line":5,"column":0},"end":{"line":5,"column":49}},"5":{"start":{"line":6,"column":0},"end":{"line":6,"column":45}},"6":{"start":{"line":7,"column":0},"end":{"line":7,"column":53}},"7":{"start":{"line":9,"column":0},"end":{"line":9,"column":42}},"8":{"start":{"line":10,"column":0},"end":{"line":10,"column":16}},"9":{"start":{"line":12,"column":12},"end":{"line":12,"column":21}},"10":{"start":{"line":13,"column":13},"end":{"line":13,"column":37}},"11":{"start":{"line":16,"column":0},"end":{"line":16,"column":18}},"12":{"start":{"line":17,"column":0},"end":{"line":17,"column":16}},"13":{"start":{"line":18,"column":0},"end":{"line":18,"column":24}},"14":{"start":{"line":21,"column":0},"end":{"line":21,"column":38}},"15":{"start":{"line":22,"column":0},"end":{"line":22,"column":34}},"16":{"start":{"line":25,"column":0},"end":{"line":30,"column":3}},"17":{"start":{"line":26,"column":2},"end":{"line":29,"column":5}},"18":{"start":{"line":33,"column":0},"end":{"line":33,"column":22}},"19":{"start":{"line":36,"column":0},"end":{"line":38,"column":3}},"20":{"start":{"line":40,"column":0},"end":{"line":40,"column":19}}},"fnMap":{"0":{"name":"(anonymous_1)","decl":{"start":{"line":25,"column":19},"end":{"line":25,"column":20}},"loc":{"start":{"line":25,"column":32},"end":{"line":30,"column":1}}},"1":{"name":"(anonymous_2)","decl":{"start":{"line":36,"column":17},"end":{"line":36,"column":20}},"loc":{"start":{"line":36,"column":22},"end":{"line":38,"column":1}}}},"branchMap":{"0":{"loc":{"start":{"line":13,"column":13},"end":{"line":13,"column":37}},"type":"binary-expr","locations":[{"start":{"line":13,"column":13},"end":{"line":13,"column":29}},{"start":{"line":13,"column":33},"end":{"line":13,"column":37}}]}},"s":{"0":4,"1":4,"2":4,"3":4,"4":4,"5":4,"6":4,"7":4,"8":4,"9":4,"10":4,"11":4,"12":4,"13":4,"14":4,"15":4,"16":4,"17":0,"18":4,"19":4,"20":4},"f":{"0":0,"1":4},"b":{"0":[4,4]}}
,"C:\\Users\\harsh\\3018-Project-milestone\\src\\Validations\\clientValidation.ts": {"path":"C:\\Users\\harsh\\3018-Project-milestone\\src\\Validations\\clientValidation.ts","statementMap":{"0":{"start":{"line":1,"column":0},"end":{"line":1,"column":22}},"1":{"start":{"line":3,"column":13},"end":{"line":8,"column":3}},"2":{"start":{"line":10,"column":13},"end":{"line":15,"column":3}}},"fnMap":{},"branchMap":{},"s":{"0":4,"1":4,"2":4},"f":{},"b":{}}
,"C:\\Users\\harsh\\3018-Project-milestone\\src\\Validations\\loanValidation.ts": {"path":"C:\\Users\\harsh\\3018-Project-milestone\\src\\Validations\\loanValidation.ts","statementMap":{"0":{"start":{"line":1,"column":0},"end":{"line":1,"column":22}},"1":{"start":{"line":3,"column":13},"end":{"line":9,"column":3}},"2":{"start":{"line":11,"column":13},"end":{"line":16,"column":3}},"3":{"start":{"line":20,"column":13},"end":{"line":25,"column":3}}},"fnMap":{},"branchMap":{},"s":{"0":4,"1":4,"2":4,"3":4},"f":{},"b":{}}
,"C:\\Users\\harsh\\3018-Project-milestone\\src\\controllers\\clientController.ts": {"path":"C:\\Users\\harsh\\3018-Project-milestone\\src\\controllers\\clientController.ts","statementMap":{"0":{"start":{"line":2,"column":0},"end":{"line":2,"column":58}},"1":{"start":{"line":4,"column":16},"end":{"line":4,"column":35}},"2":{"start":{"line":6,"column":13},"end":{"line":45,"column":2}},"3":{"start":{"line":8,"column":4},"end":{"line":10,"column":79}},"4":{"start":{"line":9,"column":23},"end":{"line":9,"column":40}},"5":{"start":{"line":10,"column":19},"end":{"line":10,"column":77}},"6":{"start":{"line":14,"column":4},"end":{"line":19,"column":77}},"7":{"start":{"line":16,"column":8},"end":{"line":16,"column":80}},"8":{"start":{"line":16,"column":21},"end":{"line":16,"column":80}},"9":{"start":{"line":17,"column":8},"end":{"line":17,"column":25}},"10":{"start":{"line":19,"column":19},"end":{"line":19,"column":75}},"11":{"start":{"line":23,"column":4},"end":{"line":25,"column":79}},"12":{"start":{"line":24,"column":25},"end":{"line":24,"column":56}},"13":{"start":{"line":25,"column":19},"end":{"line":25,"column":77}},"14":{"start":{"line":29,"column":4},"end":{"line":34,"column":79}},"15":{"start":{"line":31,"column":8},"end":{"line":31,"column":81}},"16":{"start":{"line":31,"column":22},"end":{"line":31,"column":81}},"17":{"start":{"line":32,"column":8},"end":{"line":32,"column":26}},"18":{"start":{"line":34,"column":19},"end":{"line":34,"column":77}},"19":{"start":{"line":38,"column":4},"end":{"line":43,"column":79}},"20":{"start":{"line":40,"column":8},"end":{"line":40,"column":81}},"21":{"start":{"line":40,"column":22},"end":{"line":40,"column":81}},"22":{"start":{"line":41,"column":8},"end":{"line":41,"column":31}},"23":{"start":{"line":43,"column":19},"end":{"line":43,"column":77}}},"fnMap":{"0":{"name":"(anonymous_0)","decl":{"start":{"line":7,"column":2},"end":{"line":7,"column":15}},"loc":{"start":{"line":7,"column":43},"end":{"line":11,"column":3}}},"1":{"name":"(anonymous_1)","decl":{"start":{"line":9,"column":12},"end":{"line":9,"column":19}},"loc":{"start":{"line":9,"column":23},"end":{"line":9,"column":40}}},"2":{"name":"(anonymous_2)","decl":{"start":{"line":10,"column":13},"end":{"line":10,"column":16}},"loc":{"start":{"line":10,"column":19},"end":{"line":10,"column":77}}},"3":{"name":"(anonymous_3)","decl":{"start":{"line":13,"column":2},"end":{"line":13,"column":15}},"loc":{"start":{"line":13,"column":43},"end":{"line":20,"column":3}}},"4":{"name":"(anonymous_4)","decl":{"start":{"line":15,"column":12},"end":{"line":15,"column":18}},"loc":{"start":{"line":15,"column":21},"end":{"line":18,"column":7}}},"5":{"name":"(anonymous_5)","decl":{"start":{"line":19,"column":13},"end":{"line":19,"column":16}},"loc":{"start":{"line":19,"column":19},"end":{"line":19,"column":75}}},"6":{"name":"(anonymous_6)","decl":{"start":{"line":22,"column":2},"end":{"line":22,"column":14}},"loc":{"start":{"line":22,"column":42},"end":{"line":26,"column":3}}},"7":{"name":"(anonymous_7)","decl":{"start":{"line":24,"column":12},"end":{"line":24,"column":21}},"loc":{"start":{"line":24,"column":25},"end":{"line":24,"column":56}}},"8":{"name":"(anonymous_8)","decl":{"start":{"line":25,"column":13},"end":{"line":25,"column":16}},"loc":{"start":{"line":25,"column":19},"end":{"line":25,"column":77}}},"9":{"name":"(anonymous_9)","decl":{"start":{"line":28,"column":2},"end":{"line":28,"column":14}},"loc":{"start":{"line":28,"column":42},"end":{"line":35,"column":3}}},"10":{"name":"(anonymous_10)","decl":{"start":{"line":30,"column":12},"end":{"line":30,"column":19}},"loc":{"start":{"line":30,"column":22},"end":{"line":33,"column":7}}},"11":{"name":"(anonymous_11)","decl":{"start":{"line":34,"column":13},"end":{"line":34,"column":16}},"loc":{"start":{"line":34,"column":19},"end":{"line":34,"column":77}}},"12":{"name":"(anonymous_12)","decl":{"start":{"line":37,"column":2},"end":{"line":37,"column":14}},"loc":{"start":{"line":37,"column":42},"end":{"line":44,"column":3}}},"13":{"name":"(anonymous_13)","decl":{"start":{"line":39,"column":12},"end":{"line":39,"column":19}},"loc":{"start":{"line":39,"column":22},"end":{"line":42,"column":7}}},"14":{"name":"(anonymous_14)","decl":{"start":{"line":43,"column":13},"end":{"line":43,"column":16}},"loc":{"start":{"line":43,"column":19},"end":{"line":43,"column":77}}}},"branchMap":{"0":{"loc":{"start":{"line":16,"column":8},"end":{"line":16,"column":80}},"type":"if","locations":[{"start":{"line":16,"column":8},"end":{"line":16,"column":80}},{"start":{},"end":{}}]},"1":{"loc":{"start":{"line":31,"column":8},"end":{"line":31,"column":81}},"type":"if","locations":[{"start":{"line":31,"column":8},"end":{"line":31,"column":81}},{"start":{},"end":{}}]},"2":{"loc":{"start":{"line":40,"column":8},"end":{"line":40,"column":81}},"type":"if","locations":[{"start":{"line":40,"column":8},"end":{"line":40,"column":81}},{"start":{},"end":{}}]}},"s":{"0":4,"1":4,"2":4,"3":1,"4":1,"5":0,"6":1,"7":1,"8":1,"9":0,"10":0,"11":0,"12":0,"13":0,"14":0,"15":0,"16":0,"17":0,"18":0,"19":0,"20":0,"21":0,"22":0,"23":0},"f":{"0":1,"1":1,"2":0,"3":1,"4":1,"5":0,"6":0,"7":0,"8":0,"9":0,"10":0,"11":0,"12":0,"13":0,"14":0},"b":{"0":[1,0],"1":[0,0],"2":[0,0]}}
,"C:\\Users\\harsh\\3018-Project-milestone\\src\\controllers\\loanController.ts": {"path":"C:\\Users\\harsh\\3018-Project-milestone\\src\\controllers\\loanController.ts","statementMap":{"0":{"start":{"line":2,"column":0},"end":{"line":2,"column":55}},"1":{"start":{"line":3,"column":0},"end":{"line":3,"column":64}},"2":{"start":{"line":4,"column":0},"end":{"line":4,"column":58}},"3":{"start":{"line":6,"column":16},"end":{"line":6,"column":33}},"4":{"start":{"line":8,"column":13},"end":{"line":58,"column":2}},"5":{"start":{"line":9,"column":66},"end":{"line":25,"column":4}},"6":{"start":{"line":10,"column":29},"end":{"line":10,"column":64}},"7":{"start":{"line":11,"column":4},"end":{"line":14,"column":5}},"8":{"start":{"line":12,"column":6},"end":{"line":12,"column":64}},"9":{"start":{"line":13,"column":6},"end":{"line":13,"column":13}},"10":{"start":{"line":16,"column":20},"end":{"line":19,"column":6}},"11":{"start":{"line":21,"column":17},"end":{"line":21,"column":106}},"12":{"start":{"line":23,"column":18},"end":{"line":23,"column":58}},"13":{"start":{"line":24,"column":4},"end":{"line":24,"column":20}},"14":{"start":{"line":27,"column":66},"end":{"line":34,"column":4}},"15":{"start":{"line":28,"column":17},"end":{"line":28,"column":57}},"16":{"start":{"line":29,"column":4},"end":{"line":32,"column":5}},"17":{"start":{"line":30,"column":6},"end":{"line":30,"column":56}},"18":{"start":{"line":31,"column":6},"end":{"line":31,"column":13}},"19":{"start":{"line":33,"column":4},"end":{"line":33,"column":19}},"20":{"start":{"line":36,"column":65},"end":{"line":39,"column":4}},"21":{"start":{"line":37,"column":20},"end":{"line":37,"column":54}},"22":{"start":{"line":38,"column":4},"end":{"line":38,"column":34}},"23":{"start":{"line":41,"column":65},"end":{"line":48,"column":4}},"24":{"start":{"line":42,"column":20},"end":{"line":42,"column":69}},"25":{"start":{"line":43,"column":4},"end":{"line":46,"column":5}},"26":{"start":{"line":44,"column":6},"end":{"line":44,"column":56}},"27":{"start":{"line":45,"column":6},"end":{"line":45,"column":13}},"28":{"start":{"line":47,"column":4},"end":{"line":47,"column":22}},"29":{"start":{"line":50,"column":65},"end":{"line":57,"column":4}},"30":{"start":{"line":51,"column":20},"end":{"line":51,"column":59}},"31":{"start":{"line":52,"column":4},"end":{"line":55,"column":5}},"32":{"start":{"line":53,"column":6},"end":{"line":53,"column":56}},"33":{"start":{"line":54,"column":6},"end":{"line":54,"column":13}},"34":{"start":{"line":56,"column":4},"end":{"line":56,"column":27}}},"fnMap":{"0":{"name":"(anonymous_7)","decl":{"start":{"line":9,"column":28},"end":{"line":9,"column":35}},"loc":{"start":{"line":9,"column":66},"end":{"line":25,"column":4}}},"1":{"name":"(anonymous_8)","decl":{"start":{"line":9,"column":66},"end":{"line":9,"column":null}},"loc":{"start":{"line":9,"column":66},"end":{"line":25,"column":3}}},"2":{"name":"(anonymous_9)","decl":{"start":{"line":27,"column":28},"end":{"line":27,"column":35}},"loc":{"start":{"line":27,"column":66},"end":{"line":34,"column":4}}},"3":{"name":"(anonymous_10)","decl":{"start":{"line":27,"column":66},"end":{"line":27,"column":null}},"loc":{"start":{"line":27,"column":66},"end":{"line":34,"column":3}}},"4":{"name":"(anonymous_11)","decl":{"start":{"line":36,"column":27},"end":{"line":36,"column":34}},"loc":{"start":{"line":36,"column":65},"end":{"line":39,"column":4}}},"5":{"name":"(anonymous_12)","decl":{"start":{"line":36,"column":65},"end":{"line":36,"column":null}},"loc":{"start":{"line":36,"column":65},"end":{"line":39,"column":3}}},"6":{"name":"(anonymous_13)","decl":{"start":{"line":41,"column":27},"end":{"line":41,"column":34}},"loc":{"start":{"line":41,"column":65},"end":{"line":48,"column":4}}},"7":{"name":"(anonymous_14)","decl":{"start":{"line":41,"column":65},"end":{"line":41,"column":null}},"loc":{"start":{"line":41,"column":65},"end":{"line":48,"column":3}}},"8":{"name":"(anonymous_15)","decl":{"start":{"line":50,"column":27},"end":{"line":50,"column":34}},"loc":{"start":{"line":50,"column":65},"end":{"line":57,"column":4}}},"9":{"name":"(anonymous_16)","decl":{"start":{"line":50,"column":65},"end":{"line":50,"column":null}},"loc":{"start":{"line":50,"column":65},"end":{"line":57,"column":3}}}},"branchMap":{"0":{"loc":{"start":{"line":11,"column":4},"end":{"line":14,"column":5}},"type":"if","locations":[{"start":{"line":11,"column":4},"end":{"line":14,"column":5}},{"start":{},"end":{}}]},"1":{"loc":{"start":{"line":21,"column":17},"end":{"line":21,"column":106}},"type":"cond-expr","locations":[{"start":{"line":21,"column":35},"end":{"line":21,"column":94}},{"start":{"line":21,"column":97},"end":{"line":21,"column":106}}]},"2":{"loc":{"start":{"line":21,"column":68},"end":{"line":21,"column":92}},"type":"binary-expr","locations":[{"start":{"line":21,"column":68},"end":{"line":21,"column":83}},{"start":{"line":21,"column":87},"end":{"line":21,"column":92}}]},"3":{"loc":{"start":{"line":29,"column":4},"end":{"line":32,"column":5}},"type":"if","locations":[{"start":{"line":29,"column":4},"end":{"line":32,"column":5}},{"start":{},"end":{}}]},"4":{"loc":{"start":{"line":43,"column":4},"end":{"line":46,"column":5}},"type":"if","locations":[{"start":{"line":43,"column":4},"end":{"line":46,"column":5}},{"start":{},"end":{}}]},"5":{"loc":{"start":{"line":52,"column":4},"end":{"line":55,"column":5}},"type":"if","locations":[{"start":{"line":52,"column":4},"end":{"line":55,"column":5}},{"start":{},"end":{}}]}},"s":{"0":4,"1":4,"2":4,"3":4,"4":4,"5":4,"6":4,"7":4,"8":0,"9":0,"10":4,"11":4,"12":4,"13":4,"14":1,"15":1,"16":1,"17":1,"18":1,"19":0,"20":0,"21":0,"22":0,"23":1,"24":1,"25":1,"26":1,"27":1,"28":0,"29":1,"30":1,"31":1,"32":1,"33":1,"34":0},"f":{"0":4,"1":4,"2":1,"3":1,"4":0,"5":0,"6":1,"7":1,"8":1,"9":1},"b":{"0":[0,4],"1":[1,3],"2":[1,0],"3":[1,0],"4":[1,0],"5":[1,0]}}
,"C:\\Users\\harsh\\3018-Project-milestone\\src\\middleware\\asyncHandler.ts": {"path":"C:\\Users\\harsh\\3018-Project-milestone\\src\\middleware\\asyncHandler.ts","statementMap":{"0":{"start":{"line":3,"column":28},"end":{"line":7,"column":1}},"1":{"start":{"line":4,"column":2},"end":{"line":6,"column":4}},"2":{"start":{"line":5,"column":4},"end":{"line":5,"column":59}},"3":{"start":{"line":3,"column":13},"end":{"line":3,"column":28}}},"fnMap":{"0":{"name":"(anonymous_0)","decl":{"start":{"line":3,"column":28},"end":{"line":3,"column":29}},"loc":{"start":{"line":3,"column":67},"end":{"line":7,"column":1}}},"1":{"name":"(anonymous_1)","decl":{"start":{"line":4,"column":9},"end":{"line":4,"column":10}},"loc":{"start":{"line":4,"column":76},"end":{"line":6,"column":3}}}},"branchMap":{},"s":{"0":4,"1":20,"2":7,"3":4},"f":{"0":20,"1":7},"b":{}}
,"C:\\Users\\harsh\\3018-Project-milestone\\src\\middleware\\authMiddleware.ts": {"path":"C:\\Users\\harsh\\3018-Project-milestone\\src\\middleware\\authMiddleware.ts","statementMap":{"0":{"start":{"line":12,"column":0},"end":{"line":12,"column":16}},"1":{"start":{"line":32,"column":0},"end":{"line":32,"column":16}},"2":{"start":{"line":2,"column":0},"end":{"line":2,"column":31}},"3":{"start":{"line":4,"column":18},"end":{"line":4,"column":66}},"4":{"start":{"line":13,"column":21},"end":{"line":13,"column":46}},"5":{"start":{"line":14,"column":2},"end":{"line":17,"column":3}},"6":{"start":{"line":15,"column":4},"end":{"line":15,"column":80}},"7":{"start":{"line":16,"column":4},"end":{"line":16,"column":11}},"8":{"start":{"line":19,"column":16},"end":{"line":19,"column":40}},"9":{"start":{"line":21,"column":2},"end":{"line":28,"column":3}},"10":{"start":{"line":22,"column":20},"end":{"line":22,"column":62}},"11":{"start":{"line":23,"column":5},"end":{"line":23,"column":32}},"12":{"start":{"line":24,"column":4},"end":{"line":24,"column":11}},"13":{"start":{"line":26,"column":4},"end":{"line":26,"column":64}},"14":{"start":{"line":27,"column":4},"end":{"line":27,"column":11}},"15":{"start":{"line":33,"column":2},"end":{"line":40,"column":4}},"16":{"start":{"line":34,"column":18},"end":{"line":34,"column":48}},"17":{"start":{"line":35,"column":4},"end":{"line":38,"column":5}},"18":{"start":{"line":36,"column":6},"end":{"line":36,"column":72}},"19":{"start":{"line":37,"column":6},"end":{"line":37,"column":13}},"20":{"start":{"line":39,"column":4},"end":{"line":39,"column":11}}},"fnMap":{"0":{"name":"authMiddleware","decl":{"start":{"line":12,"column":16},"end":{"line":12,"column":30}},"loc":{"start":{"line":12,"column":78},"end":{"line":29,"column":1}}},"1":{"name":"authorizeRole","decl":{"start":{"line":32,"column":16},"end":{"line":32,"column":29}},"loc":{"start":{"line":32,"column":45},"end":{"line":41,"column":1}}},"2":{"name":"(anonymous_3)","decl":{"start":{"line":33,"column":9},"end":{"line":33,"column":10}},"loc":{"start":{"line":33,"column":61},"end":{"line":40,"column":3}}}},"branchMap":{"0":{"loc":{"start":{"line":4,"column":18},"end":{"line":4,"column":66}},"type":"binary-expr","locations":[{"start":{"line":4,"column":18},"end":{"line":4,"column":40}},{"start":{"line":4,"column":44},"end":{"line":4,"column":66}}]},"1":{"loc":{"start":{"line":14,"column":2},"end":{"line":17,"column":3}},"type":"if","locations":[{"start":{"line":14,"column":2},"end":{"line":17,"column":3}},{"start":{},"end":{}}]},"2":{"loc":{"start":{"line":14,"column":6},"end":{"line":14,"column":54}},"type":"binary-expr","locations":[{"start":{"line":14,"column":6},"end":{"line":14,"column":17}},{"start":{"line":14,"column":21},"end":{"line":14,"column":54}}]},"3":{"loc":{"start":{"line":35,"column":4},"end":{"line":38,"column":5}},"type":"if","locations":[{"start":{"line":35,"column":4},"end":{"line":38,"column":5}},{"start":{},"end":{}}]},"4":{"loc":{"start":{"line":35,"column":8},"end":{"line":35,"column":43}},"type":"binary-expr","locations":[{"start":{"line":35,"column":8},"end":{"line":35,"column":13}},{"start":{"line":35,"column":17},"end":{"line":35,"column":43}}]}},"s":{"0":4,"1":4,"2":4,"3":4,"4":24,"5":24,"6":14,"7":14,"8":10,"9":10,"10":10,"11":6,"12":6,"13":4,"14":4,"15":24,"16":6,"17":6,"18":3,"19":3,"20":3},"f":{"0":24,"1":24,"2":6},"b":{"0":[4,4],"1":[14,10],"2":[24,10],"3":[3,3],"4":[6,6]}}
,"C:\\Users\\harsh\\3018-Project-milestone\\src\\middleware\\errorHandler.ts": {"path":"C:\\Users\\harsh\\3018-Project-milestone\\src\\middleware\\errorHandler.ts","statementMap":{"0":{"start":{"line":3,"column":0},"end":{"line":3,"column":24}},"1":{"start":{"line":4,"column":2},"end":{"line":4,"column":21}},"2":{"start":{"line":5,"column":2},"end":{"line":5,"column":90}}},"fnMap":{"0":{"name":"errorHandler","decl":{"start":{"line":3,"column":24},"end":{"line":3,"column":36}},"loc":{"start":{"line":3,"column":96},"end":{"line":6,"column":1}}}},"branchMap":{"0":{"loc":{"start":{"line":5,"column":13},"end":{"line":5,"column":30}},"type":"binary-expr","locations":[{"start":{"line":5,"column":13},"end":{"line":5,"column":23}},{"start":{"line":5,"column":27},"end":{"line":5,"column":30}}]},"1":{"loc":{"start":{"line":5,"column":48},"end":{"line":5,"column":86}},"type":"binary-expr","locations":[{"start":{"line":5,"column":48},"end":{"line":5,"column":59}},{"start":{"line":5,"column":63},"end":{"line":5,"column":86}}]}},"s":{"0":4,"1":0,"2":0},"f":{"0":0},"b":{"0":[0,0],"1":[0,0]}}
,"C:\\Users\\harsh\\3018-Project-milestone\\src\\middleware\\validation.ts": {"path":"C:\\Users\\harsh\\3018-Project-milestone\\src\\middleware\\validation.ts","statementMap":{"0":{"start":{"line":4,"column":31},"end":{"line":13,"column":1}},"1":{"start":{"line":5,"column":2},"end":{"line":12,"column":4}},"2":{"start":{"line":6,"column":22},"end":{"line":6,"column":47}},"3":{"start":{"line":7,"column":4},"end":{"line":10,"column":5}},"4":{"start":{"line":8,"column":6},"end":{"line":8,"column":64}},"5":{"start":{"line":9,"column":6},"end":{"line":9,"column":13}},"6":{"start":{"line":11,"column":4},"end":{"line":11,"column":11}},"7":{"start":{"line":4,"column":13},"end":{"line":4,"column":31}}},"fnMap":{"0":{"name":"(anonymous_0)","decl":{"start":{"line":4,"column":31},"end":{"line":4,"column":32}},"loc":{"start":{"line":4,"column":60},"end":{"line":13,"column":1}}},"1":{"name":"(anonymous_1)","decl":{"start":{"line":5,"column":9},"end":{"line":5,"column":10}},"loc":{"start":{"line":5,"column":67},"end":{"line":12,"column":3}}}},"branchMap":{"0":{"loc":{"start":{"line":7,"column":4},"end":{"line":10,"column":5}},"type":"if","locations":[{"start":{"line":7,"column":4},"end":{"line":10,"column":5}},{"start":{},"end":{}}]}},"s":{"0":4,"1":16,"2":2,"3":2,"4":1,"5":1,"6":1,"7":4},"f":{"0":16,"1":2},"b":{"0":[1,1]}}
,"C:\\Users\\harsh\\3018-Project-milestone\\src\\repositories\\LoanRepository.ts": {"path":"C:\\Users\\harsh\\3018-Project-milestone\\src\\repositories\\LoanRepository.ts","statementMap":{"0":{"start":{"line":5,"column":10},"end":{"line":5,"column":29}},"1":{"start":{"line":10,"column":4},"end":{"line":12,"column":5}},"2":{"start":{"line":11,"column":6},"end":{"line":11,"column":53}},"3":{"start":{"line":13,"column":4},"end":{"line":13,"column":35}},"4":{"start":{"line":17,"column":4},"end":{"line":17,"column":22}},"5":{"start":{"line":21,"column":4},"end":{"line":21,"column":53}},"6":{"start":{"line":21,"column":32},"end":{"line":21,"column":43}},"7":{"start":{"line":25,"column":17},"end":{"line":30,"column":null}},"8":{"start":{"line":32,"column":4},"end":{"line":32,"column":29}},"9":{"start":{"line":33,"column":4},"end":{"line":33,"column":19}},"10":{"start":{"line":37,"column":17},"end":{"line":37,"column":40}},"11":{"start":{"line":38,"column":4},"end":{"line":38,"column":27}},"12":{"start":{"line":38,"column":15},"end":{"line":38,"column":27}},"13":{"start":{"line":39,"column":4},"end":{"line":39,"column":57}},"14":{"start":{"line":40,"column":4},"end":{"line":40,"column":16}},"15":{"start":{"line":44,"column":18},"end":{"line":44,"column":56}},"16":{"start":{"line":44,"column":44},"end":{"line":44,"column":55}},"17":{"start":{"line":45,"column":4},"end":{"line":45,"column":35}},"18":{"start":{"line":45,"column":22},"end":{"line":45,"column":35}},"19":{"start":{"line":46,"column":4},"end":{"line":46,"column":32}},"20":{"start":{"line":47,"column":4},"end":{"line":47,"column":16}},"21":{"start":{"line":3,"column":0},"end":{"line":3,"column":13}}},"fnMap":{"0":{"name":"(anonymous_7)","decl":{"start":{"line":7,"column":2},"end":{"line":7,"column":25}},"loc":{"start":{"line":7,"column":2},"end":{"line":7,"column":26}}},"1":{"name":"(anonymous_8)","decl":{"start":{"line":9,"column":2},"end":{"line":9,"column":8}},"loc":{"start":{"line":9,"column":20},"end":{"line":14,"column":3}}},"2":{"name":"(anonymous_9)","decl":{"start":{"line":16,"column":8},"end":{"line":16,"column":15}},"loc":{"start":{"line":16,"column":15},"end":{"line":18,"column":null}}},"3":{"name":"(anonymous_11)","decl":{"start":{"line":20,"column":8},"end":{"line":20,"column":16}},"loc":{"start":{"line":20,"column":27},"end":{"line":22,"column":null}}},"4":{"name":"(anonymous_13)","decl":{"start":{"line":21,"column":27},"end":{"line":21,"column":28}},"loc":{"start":{"line":21,"column":32},"end":{"line":21,"column":43}}},"5":{"name":"(anonymous_14)","decl":{"start":{"line":24,"column":8},"end":{"line":24,"column":14}},"loc":{"start":{"line":24,"column":80},"end":{"line":34,"column":null}}},"6":{"name":"(anonymous_16)","decl":{"start":{"line":36,"column":8},"end":{"line":36,"column":14}},"loc":{"start":{"line":36,"column":46},"end":{"line":41,"column":null}}},"7":{"name":"(anonymous_18)","decl":{"start":{"line":43,"column":8},"end":{"line":43,"column":14}},"loc":{"start":{"line":43,"column":25},"end":{"line":48,"column":null}}},"8":{"name":"(anonymous_20)","decl":{"start":{"line":44,"column":39},"end":{"line":44,"column":40}},"loc":{"start":{"line":44,"column":44},"end":{"line":44,"column":55}}}},"branchMap":{"0":{"loc":{"start":{"line":10,"column":4},"end":{"line":12,"column":5}},"type":"if","locations":[{"start":{"line":10,"column":4},"end":{"line":12,"column":5}},{"start":{},"end":{}}]},"1":{"loc":{"start":{"line":21,"column":11},"end":{"line":21,"column":52}},"type":"binary-expr","locations":[{"start":{"line":21,"column":11},"end":{"line":21,"column":44}},{"start":{"line":21,"column":48},"end":{"line":21,"column":52}}]},"2":{"loc":{"start":{"line":38,"column":4},"end":{"line":38,"column":27}},"type":"if","locations":[{"start":{"line":38,"column":4},"end":{"line":38,"column":27}},{"start":{},"end":{}}]},"3":{"loc":{"start":{"line":45,"column":4},"end":{"line":45,"column":35}},"type":"if","locations":[{"start":{"line":45,"column":4},"end":{"line":45,"column":35}},{"start":{},"end":{}}]}},"s":{"0":4,"1":4,"2":4,"3":4,"4":4,"5":2,"6":0,"7":0,"8":0,"9":0,"10":0,"11":0,"12":0,"13":0,"14":0,"15":1,"16":0,"17":1,"18":1,"19":0,"20":0,"21":4},"f":{"0":4,"1":4,"2":4,"3":2,"4":0,"5":0,"6":0,"7":1,"8":0},"b":{"0":[4,0],"1":[2,2],"2":[0,0],"3":[1,0]}}
,"C:\\Users\\harsh\\3018-Project-milestone\\src\\repositories\\clientRepository.ts": {"path":"C:\\Users\\harsh\\3018-Project-milestone\\src\\repositories\\clientRepository.ts","statementMap":{"0":{"start":{"line":5,"column":10},"end":{"line":5,"column":33}},"1":{"start":{"line":10,"column":4},"end":{"line":12,"column":5}},"2":{"start":{"line":11,"column":6},"end":{"line":11,"column":57}},"3":{"start":{"line":13,"column":4},"end":{"line":13,"column":37}},"4":{"start":{"line":17,"column":4},"end":{"line":17,"column":24}},"5":{"start":{"line":21,"column":4},"end":{"line":21,"column":55}},"6":{"start":{"line":21,"column":34},"end":{"line":21,"column":45}},"7":{"start":{"line":25,"column":19},"end":{"line":29,"column":null}},"8":{"start":{"line":31,"column":4},"end":{"line":31,"column":33}},"9":{"start":{"line":32,"column":4},"end":{"line":32,"column":21}},"10":{"start":{"line":36,"column":19},"end":{"line":36,"column":42}},"11":{"start":{"line":37,"column":4},"end":{"line":37,"column":29}},"12":{"start":{"line":37,"column":17},"end":{"line":37,"column":29}},"13":{"start":{"line":38,"column":4},"end":{"line":38,"column":59}},"14":{"start":{"line":39,"column":4},"end":{"line":39,"column":18}},"15":{"start":{"line":43,"column":18},"end":{"line":43,"column":58}},"16":{"start":{"line":43,"column":46},"end":{"line":43,"column":57}},"17":{"start":{"line":44,"column":4},"end":{"line":44,"column":35}},"18":{"start":{"line":44,"column":22},"end":{"line":44,"column":35}},"19":{"start":{"line":45,"column":4},"end":{"line":45,"column":34}},"20":{"start":{"line":46,"column":4},"end":{"line":46,"column":16}},"21":{"start":{"line":3,"column":0},"end":{"line":3,"column":13}}},"fnMap":{"0":{"name":"(anonymous_7)","decl":{"start":{"line":7,"column":2},"end":{"line":7,"column":25}},"loc":{"start":{"line":7,"column":2},"end":{"line":7,"column":26}}},"1":{"name":"(anonymous_8)","decl":{"start":{"line":9,"column":2},"end":{"line":9,"column":8}},"loc":{"start":{"line":9,"column":20},"end":{"line":14,"column":3}}},"2":{"name":"(anonymous_9)","decl":{"start":{"line":16,"column":8},"end":{"line":16,"column":15}},"loc":{"start":{"line":16,"column":15},"end":{"line":18,"column":null}}},"3":{"name":"(anonymous_11)","decl":{"start":{"line":20,"column":8},"end":{"line":20,"column":16}},"loc":{"start":{"line":20,"column":27},"end":{"line":22,"column":null}}},"4":{"name":"(anonymous_13)","decl":{"start":{"line":21,"column":29},"end":{"line":21,"column":30}},"loc":{"start":{"line":21,"column":34},"end":{"line":21,"column":45}}},"5":{"name":"(anonymous_14)","decl":{"start":{"line":24,"column":8},"end":{"line":24,"column":14}},"loc":{"start":{"line":24,"column":67},"end":{"line":33,"column":null}}},"6":{"name":"(anonymous_16)","decl":{"start":{"line":35,"column":8},"end":{"line":35,"column":14}},"loc":{"start":{"line":35,"column":48},"end":{"line":40,"column":null}}},"7":{"name":"(anonymous_18)","decl":{"start":{"line":42,"column":8},"end":{"line":42,"column":14}},"loc":{"start":{"line":42,"column":25},"end":{"line":47,"column":null}}},"8":{"name":"(anonymous_20)","decl":{"start":{"line":43,"column":41},"end":{"line":43,"column":42}},"loc":{"start":{"line":43,"column":46},"end":{"line":43,"column":57}}}},"branchMap":{"0":{"loc":{"start":{"line":10,"column":4},"end":{"line":12,"column":5}},"type":"if","locations":[{"start":{"line":10,"column":4},"end":{"line":12,"column":5}},{"start":{},"end":{}}]},"1":{"loc":{"start":{"line":21,"column":11},"end":{"line":21,"column":54}},"type":"binary-expr","locations":[{"start":{"line":21,"column":11},"end":{"line":21,"column":46}},{"start":{"line":21,"column":50},"end":{"line":21,"column":54}}]},"2":{"loc":{"start":{"line":37,"column":4},"end":{"line":37,"column":29}},"type":"if","locations":[{"start":{"line":37,"column":4},"end":{"line":37,"column":29}},{"start":{},"end":{}}]},"3":{"loc":{"start":{"line":44,"column":4},"end":{"line":44,"column":35}},"type":"if","locations":[{"start":{"line":44,"column":4},"end":{"line":44,"column":35}},{"start":{},"end":{}}]}},"s":{"0":4,"1":8,"2":4,"3":8,"4":1,"5":1,"6":0,"7":0,"8":0,"9":0,"10":0,"11":0,"12":0,"13":0,"14":0,"15":0,"16":0,"17":0,"18":0,"19":0,"20":0,"21":4},"f":{"0":4,"1":8,"2":1,"3":1,"4":0,"5":0,"6":0,"7":0,"8":0},"b":{"0":[4,4],"1":[1,1],"2":[0,0],"3":[0,0]}}
,"C:\\Users\\harsh\\3018-Project-milestone\\src\\routes\\clientRoutes.ts": {"path":"C:\\Users\\harsh\\3018-Project-milestone\\src\\routes\\clientRoutes.ts","statementMap":{"0":{"start":{"line":1,"column":0},"end":{"line":1,"column":33}},"1":{"start":{"line":2,"column":0},"end":{"line":2,"column":67}},"2":{"start":{"line":3,"column":0},"end":{"line":3,"column":59}},"3":{"start":{"line":4,"column":0},"end":{"line":4,"column":89}},"4":{"start":{"line":5,"column":0},"end":{"line":5,"column":77}},"5":{"start":{"line":7,"column":15},"end":{"line":7,"column":23}},"6":{"start":{"line":48,"column":0},"end":{"line":48,"column":48}},"7":{"start":{"line":77,"column":0},"end":{"line":77,"column":51}},"8":{"start":{"line":132,"column":0},"end":{"line":132,"column":138}},"9":{"start":{"line":189,"column":0},"end":{"line":189,"column":140}},"10":{"start":{"line":210,"column":0},"end":{"line":210,"column":95}},"11":{"start":{"line":212,"column":0},"end":{"line":212,"column":22}}},"fnMap":{},"branchMap":{},"s":{"0":4,"1":4,"2":4,"3":4,"4":4,"5":4,"6":4,"7":4,"8":4,"9":4,"10":4,"11":4},"f":{},"b":{}}
,"C:\\Users\\harsh\\3018-Project-milestone\\src\\routes\\loanRoutes.ts": {"path":"C:\\Users\\harsh\\3018-Project-milestone\\src\\routes\\loanRoutes.ts","statementMap":{"0":{"start":{"line":1,"column":0},"end":{"line":1,"column":33}},"1":{"start":{"line":2,"column":0},"end":{"line":2,"column":63}},"2":{"start":{"line":3,"column":0},"end":{"line":3,"column":59}},"3":{"start":{"line":4,"column":0},"end":{"line":4,"column":83}},"4":{"start":{"line":5,"column":0},"end":{"line":5,"column":77}},"5":{"start":{"line":7,"column":15},"end":{"line":7,"column":23}},"6":{"start":{"line":72,"column":0},"end":{"line":72,"column":44}},"7":{"start":{"line":101,"column":0},"end":{"line":101,"column":47}},"8":{"start":{"line":160,"column":0},"end":{"line":160,"column":132}},"9":{"start":{"line":217,"column":0},"end":{"line":217,"column":134}},"10":{"start":{"line":238,"column":0},"end":{"line":238,"column":91}},"11":{"start":{"line":240,"column":0},"end":{"line":240,"column":22}}},"fnMap":{},"branchMap":{},"s":{"0":4,"1":4,"2":4,"3":4,"4":4,"5":4,"6":4,"7":4,"8":4,"9":4,"10":4,"11":4},"f":{},"b":{}}
,"C:\\Users\\harsh\\3018-Project-milestone\\src\\services\\clientService.ts": {"path":"C:\\Users\\harsh\\3018-Project-milestone\\src\\services\\clientService.ts","statementMap":{"0":{"start":{"line":1,"column":0},"end":{"line":1,"column":68}},"1":{"start":{"line":3,"column":0},"end":{"line":3,"column":50}},"2":{"start":{"line":6,"column":10},"end":{"line":6,"column":48}},"3":{"start":{"line":9,"column":4},"end":{"line":9,"column":31}},"4":{"start":{"line":13,"column":4},"end":{"line":13,"column":34}},"5":{"start":{"line":17,"column":19},"end":{"line":17,"column":47}},"6":{"start":{"line":18,"column":4},"end":{"line":18,"column":147}},"7":{"start":{"line":19,"column":4},"end":{"line":19,"column":18}},"8":{"start":{"line":23,"column":4},"end":{"line":23,"column":38}},"9":{"start":{"line":27,"column":4},"end":{"line":27,"column":32}},"10":{"start":{"line":5,"column":0},"end":{"line":5,"column":13}}},"fnMap":{"0":{"name":"(anonymous_7)","decl":{"start":{"line":5,"column":0},"end":{"line":5,"column":13}},"loc":{"start":{"line":5,"column":0},"end":{"line":29,"column":1}}},"1":{"name":"(anonymous_8)","decl":{"start":{"line":8,"column":8},"end":{"line":8,"column":21}},"loc":{"start":{"line":8,"column":21},"end":{"line":10,"column":null}}},"2":{"name":"(anonymous_10)","decl":{"start":{"line":12,"column":8},"end":{"line":12,"column":21}},"loc":{"start":{"line":12,"column":32},"end":{"line":14,"column":null}}},"3":{"name":"(anonymous_12)","decl":{"start":{"line":16,"column":8},"end":{"line":16,"column":20}},"loc":{"start":{"line":16,"column":73},"end":{"line":20,"column":null}}},"4":{"name":"(anonymous_14)","decl":{"start":{"line":22,"column":8},"end":{"line":22,"column":20}},"loc":{"start":{"line":22,"column":54},"end":{"line":24,"column":null}}},"5":{"name":"(anonymous_16)","decl":{"start":{"line":26,"column":8},"end":{"line":26,"column":20}},"loc":{"start":{"line":26,"column":31},"end":{"line":28,"column":null}}}},"branchMap":{},"s":{"0":4,"1":4,"2":8,"3":1,"4":1,"5":0,"6":0,"7":0,"8":0,"9":0,"10":4},"f":{"0":8,"1":1,"2":1,"3":0,"4":0,"5":0},"b":{}}
,"C:\\Users\\harsh\\3018-Project-milestone\\src\\services\\loanServices.ts": {"path":"C:\\Users\\harsh\\3018-Project-milestone\\src\\services\\loanServices.ts","statementMap":{"0":{"start":{"line":1,"column":0},"end":{"line":1,"column":64}},"1":{"start":{"line":3,"column":0},"end":{"line":3,"column":48}},"2":{"start":{"line":4,"column":0},"end":{"line":4,"column":50}},"3":{"start":{"line":7,"column":10},"end":{"line":7,"column":46}},"4":{"start":{"line":8,"column":10},"end":{"line":8,"column":46}},"5":{"start":{"line":11,"column":4},"end":{"line":11,"column":38}},"6":{"start":{"line":11,"column":25},"end":{"line":11,"column":38}},"7":{"start":{"line":12,"column":4},"end":{"line":12,"column":41}},"8":{"start":{"line":12,"column":25},"end":{"line":12,"column":41}},"9":{"start":{"line":13,"column":4},"end":{"line":13,"column":18}},"10":{"start":{"line":17,"column":16},"end":{"line":17,"column":41}},"11":{"start":{"line":20,"column":4},"end":{"line":27,"column":5}},"12":{"start":{"line":21,"column":6},"end":{"line":23,"column":7}},"13":{"start":{"line":22,"column":8},"end":{"line":22,"column":69}},"14":{"start":{"line":22,"column":37},"end":{"line":22,"column":67}},"15":{"start":{"line":24,"column":6},"end":{"line":26,"column":7}},"16":{"start":{"line":25,"column":8},"end":{"line":25,"column":77}},"17":{"start":{"line":25,"column":37},"end":{"line":25,"column":75}},"18":{"start":{"line":30,"column":4},"end":{"line":38,"column":5}},"19":{"start":{"line":31,"column":6},"end":{"line":37,"column":9}},"20":{"start":{"line":32,"column":24},"end":{"line":32,"column":45}},"21":{"start":{"line":33,"column":24},"end":{"line":33,"column":45}},"22":{"start":{"line":34,"column":8},"end":{"line":34,"column":66}},"23":{"start":{"line":34,"column":29},"end":{"line":34,"column":66}},"24":{"start":{"line":35,"column":8},"end":{"line":35,"column":66}},"25":{"start":{"line":35,"column":29},"end":{"line":35,"column":66}},"26":{"start":{"line":36,"column":8},"end":{"line":36,"column":17}},"27":{"start":{"line":40,"column":4},"end":{"line":40,"column":17}},"28":{"start":{"line":44,"column":4},"end":{"line":44,"column":34}},"29":{"start":{"line":48,"column":23},"end":{"line":48,"column":51}},"30":{"start":{"line":49,"column":17},"end":{"line":49,"column":72}},"31":{"start":{"line":50,"column":4},"end":{"line":50,"column":16}},"32":{"start":{"line":54,"column":25},"end":{"line":54,"column":53}},"33":{"start":{"line":55,"column":4},"end":{"line":55,"column":35}},"34":{"start":{"line":55,"column":23},"end":{"line":55,"column":35}},"35":{"start":{"line":57,"column":22},"end":{"line":57,"column":41}},"36":{"start":{"line":58,"column":4},"end":{"line":58,"column":68}},"37":{"start":{"line":58,"column":21},"end":{"line":58,"column":68}},"38":{"start":{"line":59,"column":17},"end":{"line":59,"column":49}},"39":{"start":{"line":60,"column":4},"end":{"line":65,"column":5}},"40":{"start":{"line":61,"column":21},"end":{"line":61,"column":74}},"41":{"start":{"line":62,"column":6},"end":{"line":64,"column":7}},"42":{"start":{"line":63,"column":8},"end":{"line":63,"column":87}},"43":{"start":{"line":66,"column":4},"end":{"line":71,"column":5}},"44":{"start":{"line":67,"column":21},"end":{"line":67,"column":74}},"45":{"start":{"line":68,"column":6},"end":{"line":70,"column":7}},"46":{"start":{"line":69,"column":8},"end":{"line":69,"column":128}},"47":{"start":{"line":72,"column":4},"end":{"line":72,"column":16}},"48":{"start":{"line":76,"column":4},"end":{"line":76,"column":32}},"49":{"start":{"line":6,"column":0},"end":{"line":6,"column":13}}},"fnMap":{"0":{"name":"(anonymous_7)","decl":{"start":{"line":6,"column":0},"end":{"line":6,"column":13}},"loc":{"start":{"line":6,"column":0},"end":{"line":78,"column":1}}},"1":{"name":"(anonymous_8)","decl":{"start":{"line":10,"column":10},"end":{"line":10,"column":20}},"loc":{"start":{"line":10,"column":35},"end":{"line":14,"column":3}}},"2":{"name":"(anonymous_9)","decl":{"start":{"line":16,"column":8},"end":{"line":16,"column":19}},"loc":{"start":{"line":16,"column":119},"end":{"line":41,"column":null}}},"3":{"name":"(anonymous_11)","decl":{"start":{"line":22,"column":29},"end":{"line":22,"column":33}},"loc":{"start":{"line":22,"column":37},"end":{"line":22,"column":67}}},"4":{"name":"(anonymous_12)","decl":{"start":{"line":25,"column":29},"end":{"line":25,"column":33}},"loc":{"start":{"line":25,"column":37},"end":{"line":25,"column":75}}},"5":{"name":"(anonymous_13)","decl":{"start":{"line":31,"column":25},"end":{"line":31,"column":26}},"loc":{"start":{"line":31,"column":34},"end":{"line":37,"column":7}}},"6":{"name":"(anonymous_14)","decl":{"start":{"line":43,"column":8},"end":{"line":43,"column":19}},"loc":{"start":{"line":43,"column":30},"end":{"line":45,"column":null}}},"7":{"name":"(anonymous_16)","decl":{"start":{"line":47,"column":8},"end":{"line":47,"column":18}},"loc":{"start":{"line":47,"column":84},"end":{"line":51,"column":null}}},"8":{"name":"(anonymous_18)","decl":{"start":{"line":53,"column":8},"end":{"line":53,"column":18}},"loc":{"start":{"line":53,"column":50},"end":{"line":73,"column":null}}},"9":{"name":"(anonymous_20)","decl":{"start":{"line":75,"column":8},"end":{"line":75,"column":18}},"loc":{"start":{"line":75,"column":29},"end":{"line":77,"column":null}}}},"branchMap":{"0":{"loc":{"start":{"line":11,"column":4},"end":{"line":11,"column":38}},"type":"if","locations":[{"start":{"line":11,"column":4},"end":{"line":11,"column":38}},{"start":{},"end":{}}]},"1":{"loc":{"start":{"line":12,"column":4},"end":{"line":12,"column":41}},"type":"if","locations":[{"start":{"line":12,"column":4},"end":{"line":12,"column":41}},{"start":{},"end":{}}]},"2":{"loc":{"start":{"line":20,"column":4},"end":{"line":27,"column":5}},"type":"if","locations":[{"start":{"line":20,"column":4},"end":{"line":27,"column":5}},{"start":{},"end":{}}]},"3":{"loc":{"start":{"line":21,"column":6},"end":{"line":23,"column":7}},"type":"if","locations":[{"start":{"line":21,"column":6},"end":{"line":23,"column":7}},{"start":{},"end":{}}]},"4":{"loc":{"start":{"line":24,"column":6},"end":{"line":26,"column":7}},"type":"if","locations":[{"start":{"line":24,"column":6},"end":{"line":26,"column":7}},{"start":{},"end":{}}]},"5":{"loc":{"start":{"line":30,"column":4},"end":{"line":38,"column":5}},"type":"if","locations":[{"start":{"line":30,"column":4},"end":{"line":38,"column":5}},{"start":{},"end":{}}]},"6":{"loc":{"start":{"line":30,"column":8},"end":{"line":30,"column":26}},"type":"binary-expr","locations":[{"start":{"line":30,"column":8},"end":{"line":30,"column":12}},{"start":{"line":30,"column":16},"end":{"line":30,"column":26}}]},"7":{"loc":{"start":{"line":34,"column":8},"end":{"line":34,"column":66}},"type":"if","locations":[{"start":{"line":34,"column":8},"end":{"line":34,"column":66}},{"start":{},"end":{}}]},"8":{"loc":{"start":{"line":34,"column":36},"end":{"line":34,"column":65}},"type":"cond-expr","locations":[{"start":{"line":34,"column":59},"end":{"line":34,"column":61}},{"start":{"line":34,"column":64},"end":{"line":34,"column":65}}]},"9":{"loc":{"start":{"line":35,"column":8},"end":{"line":35,"column":66}},"type":"if","locations":[{"start":{"line":35,"column":8},"end":{"line":35,"column":66}},{"start":{},"end":{}}]},"10":{"loc":{"start":{"line":35,"column":36},"end":{"line":35,"column":65}},"type":"cond-expr","locations":[{"start":{"line":35,"column":59},"end":{"line":35,"column":60}},{"start":{"line":35,"column":63},"end":{"line":35,"column":65}}]},"11":{"loc":{"start":{"line":55,"column":4},"end":{"line":55,"column":35}},"type":"if","locations":[{"start":{"line":55,"column":4},"end":{"line":55,"column":35}},{"start":{},"end":{}}]},"12":{"loc":{"start":{"line":58,"column":4},"end":{"line":58,"column":68}},"type":"if","locations":[{"start":{"line":58,"column":4},"end":{"line":58,"column":68}},{"start":{},"end":{}}]},"13":{"loc":{"start":{"line":60,"column":4},"end":{"line":65,"column":5}},"type":"if","locations":[{"start":{"line":60,"column":4},"end":{"line":65,"column":5}},{"start":{},"end":{}}]},"14":{"loc":{"start":{"line":60,"column":8},"end":{"line":60,"column":70}},"type":"binary-expr","locations":[{"start":{"line":60,"column":8},"end":{"line":60,"column":12}},{"start":{"line":60,"column":16},"end":{"line":60,"column":42}},{"start":{"line":60,"column":46},"end":{"line":60,"column":70}}]},"15":{"loc":{"start":{"line":62,"column":6},"end":{"line":64,"column":7}},"type":"if","locations":[{"start":{"line":62,"column":6},"end":{"line":64,"column":7}},{"start":{},"end":{}}]},"16":{"loc":{"start":{"line":66,"column":4},"end":{"line":71,"column":5}},"type":"if","locations":[{"start":{"line":66,"column":4},"end":{"line":71,"column":5}},{"start":{},"end":{}}]},"17":{"loc":{"start":{"line":66,"column":8},"end":{"line":66,"column":70}},"type":"binary-expr","locations":[{"start":{"line":66,"column":8},"end":{"line":66,"column":12}},{"start":{"line":66,"column":16},"end":{"line":66,"column":42}},{"start":{"line":66,"column":46},"end":{"line":66,"column":70}}]},"18":{"loc":{"start":{"line":68,"column":6},"end":{"line":70,"column":7}},"type":"if","locations":[{"start":{"line":68,"column":6},"end":{"line":70,"column":7}},{"start":{},"end":{}}]}},"s":{"0":4,"1":4,"2":4,"3":4,"4":4,"5":0,"6":0,"7":0,"8":0,"9":0,"10":4,"11":4,"12":4,"13":1,"14":0,"15":4,"16":0,"17":0,"18":4,"19":1,"20":0,"21":0,"22":0,"23":0,"24":0,"25":0,"26":0,"27":4,"28":1,"29":0,"30":0,"31":0,"32":1,"33":1,"34":1,"35":0,"36":0,"37":0,"38":0,"39":0,"40":0,"41":0,"42":0,"43":0,"44":0,"45":0,"46":0,"47":0,"48":1,"49":4},"f":{"0":4,"1":0,"2":4,"3":0,"4":0,"5":0,"6":1,"7":0,"8":1,"9":1},"b":{"0":[0,0],"1":[0,0],"2":[4,0],"3":[1,3],"4":[0,4],"5":[1,3],"6":[4,1],"7":[0,0],"8":[0,0],"9":[0,0],"10":[0,0],"11":[1,0],"12":[0,0],"13":[0,0],"14":[0,0,0],"15":[0,0],"16":[0,0],"17":[0,0,0],"18":[0,0]}}
,"C:\\Users\\harsh\\3018-Project-milestone\\src\\utils\\emailService.ts": {"path":"C:\\Users\\harsh\\3018-Project-milestone\\src\\utils\\emailService.ts","statementMap":{"0":{"start":{"line":2,"column":0},"end":{"line":2,"column":22}},"1":{"start":{"line":1,"column":0},"end":{"line":1,"column":36}},"2":{"start":{"line":3,"column":2},"end":{"line":30,"column":3}},"3":{"start":{"line":4,"column":17},"end":{"line":4,"column":39}},"4":{"start":{"line":5,"column":17},"end":{"line":5,"column":39}},"5":{"start":{"line":6,"column":20},"end":{"line":6,"column":56}},"6":{"start":{"line":9,"column":4},"end":{"line":12,"column":5}},"7":{"start":{"line":10,"column":6},"end":{"line":10,"column":101}},"8":{"start":{"line":11,"column":6},"end":{"line":11,"column":13}},"9":{"start":{"line":14,"column":24},"end":{"line":17,"column":6}},"10":{"start":{"line":19,"column":4},"end":{"line":24,"column":7}},"11":{"start":{"line":26,"column":4},"end":{"line":26,"column":55}},"12":{"start":{"line":29,"column":4},"end":{"line":29,"column":84}}},"fnMap":{"0":{"name":"sendEmail","decl":{"start":{"line":2,"column":22},"end":{"line":2,"column":31}},"loc":{"start":{"line":2,"column":73},"end":{"line":31,"column":null}}}},"branchMap":{"0":{"loc":{"start":{"line":6,"column":20},"end":{"line":6,"column":56}},"type":"binary-expr","locations":[{"start":{"line":6,"column":20},"end":{"line":6,"column":45}},{"start":{"line":6,"column":49},"end":{"line":6,"column":56}}]},"1":{"loc":{"start":{"line":9,"column":4},"end":{"line":12,"column":5}},"type":"if","locations":[{"start":{"line":9,"column":4},"end":{"line":12,"column":5}},{"start":{},"end":{}}]},"2":{"loc":{"start":{"line":9,"column":8},"end":{"line":9,"column":22}},"type":"binary-expr","locations":[{"start":{"line":9,"column":8},"end":{"line":9,"column":13}},{"start":{"line":9,"column":17},"end":{"line":9,"column":22}}]},"3":{"loc":{"start":{"line":29,"column":54},"end":{"line":29,"column":82}},"type":"binary-expr","locations":[{"start":{"line":29,"column":54},"end":{"line":29,"column":75}},{"start":{"line":29,"column":79},"end":{"line":29,"column":82}}]}},"s":{"0":4,"1":4,"2":0,"3":0,"4":0,"5":0,"6":0,"7":0,"8":0,"9":0,"10":0,"11":0,"12":0},"f":{"0":0},"b":{"0":[0,0],"1":[0,0],"2":[0,0],"3":[0,0]}}
}
