{"C:\\Users\\harsh\\OneDrive - Red River College Polytech\\TERM-3\\COMP-3018\\3018-Project-milestone\\src\\app.ts": {"path":"C:\\Users\\harsh\\OneDrive - Red River College Polytech\\TERM-3\\COMP-3018\\3018-Project-milestone\\src\\app.ts","statementMap":{"0":{"start":{"line":1,"column":0},"end":{"line":1,"column":30}},"1":{"start":{"line":2,"column":0},"end":{"line":2,"column":24}},"2":{"start":{"line":3,"column":0},"end":{"line":3,"column":28}},"3":{"start":{"line":4,"column":0},"end":{"line":4,"column":28}},"4":{"start":{"line":5,"column":0},"end":{"line":5,"column":49}},"5":{"start":{"line":6,"column":0},"end":{"line":6,"column":45}},"6":{"start":{"line":7,"column":0},"end":{"line":7,"column":53}},"7":{"start":{"line":9,"column":0},"end":{"line":9,"column":42}},"8":{"start":{"line":10,"column":0},"end":{"line":10,"column":16}},"9":{"start":{"line":12,"column":12},"end":{"line":12,"column":21}},"10":{"start":{"line":13,"column":13},"end":{"line":13,"column":37}},"11":{"start":{"line":16,"column":0},"end":{"line":16,"column":18}},"12":{"start":{"line":17,"column":0},"end":{"line":17,"column":16}},"13":{"start":{"line":18,"column":0},"end":{"line":18,"column":24}},"14":{"start":{"line":21,"column":0},"end":{"line":21,"column":38}},"15":{"start":{"line":22,"column":0},"end":{"line":22,"column":34}},"16":{"start":{"line":25,"column":0},"end":{"line":30,"column":3}},"17":{"start":{"line":26,"column":2},"end":{"line":29,"column":5}},"18":{"start":{"line":33,"column":0},"end":{"line":33,"column":22}},"19":{"start":{"line":36,"column":0},"end":{"line":38,"column":3}},"20":{"start":{"line":40,"column":0},"end":{"line":40,"column":19}}},"fnMap":{"0":{"name":"(anonymous_1)","decl":{"start":{"line":25,"column":19},"end":{"line":25,"column":20}},"loc":{"start":{"line":25,"column":32},"end":{"line":30,"column":1}}},"1":{"name":"(anonymous_2)","decl":{"start":{"line":36,"column":17},"end":{"line":36,"column":20}},"loc":{"start":{"line":36,"column":22},"end":{"line":38,"column":1}}}},"branchMap":{"0":{"loc":{"start":{"line":13,"column":13},"end":{"line":13,"column":37}},"type":"binary-expr","locations":[{"start":{"line":13,"column":13},"end":{"line":13,"column":29}},{"start":{"line":13,"column":33},"end":{"line":13,"column":37}}]}},"s":{"0":2,"1":2,"2":2,"3":2,"4":2,"5":2,"6":2,"7":2,"8":2,"9":2,"10":2,"11":2,"12":2,"13":2,"14":2,"15":2,"16":2,"17":0,"18":2,"19":2,"20":2},"f":{"0":0,"1":2},"b":{"0":[2,2]}}
,"C:\\Users\\harsh\\OneDrive - Red River College Polytech\\TERM-3\\COMP-3018\\3018-Project-milestone\\src\\Validations\\clientValidation.ts": {"path":"C:\\Users\\harsh\\OneDrive - Red River College Polytech\\TERM-3\\COMP-3018\\3018-Project-milestone\\src\\Validations\\clientValidation.ts","statementMap":{"0":{"start":{"line":1,"column":0},"end":{"line":1,"column":22}},"1":{"start":{"line":3,"column":13},"end":{"line":8,"column":3}},"2":{"start":{"line":10,"column":13},"end":{"line":15,"column":3}}},"fnMap":{},"branchMap":{},"s":{"0":2,"1":2,"2":2},"f":{},"b":{}}
,"C:\\Users\\harsh\\OneDrive - Red River College Polytech\\TERM-3\\COMP-3018\\3018-Project-milestone\\src\\Validations\\loanValidation.ts": {"path":"C:\\Users\\harsh\\OneDrive - Red River College Polytech\\TERM-3\\COMP-3018\\3018-Project-milestone\\src\\Validations\\loanValidation.ts","statementMap":{"0":{"start":{"line":1,"column":0},"end":{"line":1,"column":22}},"1":{"start":{"line":3,"column":13},"end":{"line":9,"column":3}},"2":{"start":{"line":11,"column":13},"end":{"line":16,"column":3}}},"fnMap":{},"branchMap":{},"s":{"0":2,"1":2,"2":2},"f":{},"b":{}}
,"C:\\Users\\harsh\\OneDrive - Red River College Polytech\\TERM-3\\COMP-3018\\3018-Project-milestone\\src\\controllers\\clientController.ts": {"path":"C:\\Users\\harsh\\OneDrive - Red River College Polytech\\TERM-3\\COMP-3018\\3018-Project-milestone\\src\\controllers\\clientController.ts","statementMap":{"0":{"start":{"line":2,"column":0},"end":{"line":2,"column":58}},"1":{"start":{"line":4,"column":16},"end":{"line":4,"column":35}},"2":{"start":{"line":6,"column":13},"end":{"line":45,"column":2}},"3":{"start":{"line":8,"column":4},"end":{"line":10,"column":79}},"4":{"start":{"line":9,"column":23},"end":{"line":9,"column":40}},"5":{"start":{"line":10,"column":19},"end":{"line":10,"column":77}},"6":{"start":{"line":14,"column":4},"end":{"line":19,"column":77}},"7":{"start":{"line":16,"column":8},"end":{"line":16,"column":80}},"8":{"start":{"line":16,"column":21},"end":{"line":16,"column":80}},"9":{"start":{"line":17,"column":8},"end":{"line":17,"column":25}},"10":{"start":{"line":19,"column":19},"end":{"line":19,"column":75}},"11":{"start":{"line":23,"column":4},"end":{"line":25,"column":79}},"12":{"start":{"line":24,"column":25},"end":{"line":24,"column":56}},"13":{"start":{"line":25,"column":19},"end":{"line":25,"column":77}},"14":{"start":{"line":29,"column":4},"end":{"line":34,"column":79}},"15":{"start":{"line":31,"column":8},"end":{"line":31,"column":81}},"16":{"start":{"line":31,"column":22},"end":{"line":31,"column":81}},"17":{"start":{"line":32,"column":8},"end":{"line":32,"column":26}},"18":{"start":{"line":34,"column":19},"end":{"line":34,"column":77}},"19":{"start":{"line":38,"column":4},"end":{"line":43,"column":79}},"20":{"start":{"line":40,"column":8},"end":{"line":40,"column":81}},"21":{"start":{"line":40,"column":22},"end":{"line":40,"column":81}},"22":{"start":{"line":41,"column":8},"end":{"line":41,"column":31}},"23":{"start":{"line":43,"column":19},"end":{"line":43,"column":77}}},"fnMap":{"0":{"name":"(anonymous_0)","decl":{"start":{"line":7,"column":2},"end":{"line":7,"column":15}},"loc":{"start":{"line":7,"column":43},"end":{"line":11,"column":3}}},"1":{"name":"(anonymous_1)","decl":{"start":{"line":9,"column":12},"end":{"line":9,"column":19}},"loc":{"start":{"line":9,"column":23},"end":{"line":9,"column":40}}},"2":{"name":"(anonymous_2)","decl":{"start":{"line":10,"column":13},"end":{"line":10,"column":16}},"loc":{"start":{"line":10,"column":19},"end":{"line":10,"column":77}}},"3":{"name":"(anonymous_3)","decl":{"start":{"line":13,"column":2},"end":{"line":13,"column":15}},"loc":{"start":{"line":13,"column":43},"end":{"line":20,"column":3}}},"4":{"name":"(anonymous_4)","decl":{"start":{"line":15,"column":12},"end":{"line":15,"column":18}},"loc":{"start":{"line":15,"column":21},"end":{"line":18,"column":7}}},"5":{"name":"(anonymous_5)","decl":{"start":{"line":19,"column":13},"end":{"line":19,"column":16}},"loc":{"start":{"line":19,"column":19},"end":{"line":19,"column":75}}},"6":{"name":"(anonymous_6)","decl":{"start":{"line":22,"column":2},"end":{"line":22,"column":14}},"loc":{"start":{"line":22,"column":42},"end":{"line":26,"column":3}}},"7":{"name":"(anonymous_7)","decl":{"start":{"line":24,"column":12},"end":{"line":24,"column":21}},"loc":{"start":{"line":24,"column":25},"end":{"line":24,"column":56}}},"8":{"name":"(anonymous_8)","decl":{"start":{"line":25,"column":13},"end":{"line":25,"column":16}},"loc":{"start":{"line":25,"column":19},"end":{"line":25,"column":77}}},"9":{"name":"(anonymous_9)","decl":{"start":{"line":28,"column":2},"end":{"line":28,"column":14}},"loc":{"start":{"line":28,"column":42},"end":{"line":35,"column":3}}},"10":{"name":"(anonymous_10)","decl":{"start":{"line":30,"column":12},"end":{"line":30,"column":19}},"loc":{"start":{"line":30,"column":22},"end":{"line":33,"column":7}}},"11":{"name":"(anonymous_11)","decl":{"start":{"line":34,"column":13},"end":{"line":34,"column":16}},"loc":{"start":{"line":34,"column":19},"end":{"line":34,"column":77}}},"12":{"name":"(anonymous_12)","decl":{"start":{"line":37,"column":2},"end":{"line":37,"column":14}},"loc":{"start":{"line":37,"column":42},"end":{"line":44,"column":3}}},"13":{"name":"(anonymous_13)","decl":{"start":{"line":39,"column":12},"end":{"line":39,"column":19}},"loc":{"start":{"line":39,"column":22},"end":{"line":42,"column":7}}},"14":{"name":"(anonymous_14)","decl":{"start":{"line":43,"column":13},"end":{"line":43,"column":16}},"loc":{"start":{"line":43,"column":19},"end":{"line":43,"column":77}}}},"branchMap":{"0":{"loc":{"start":{"line":16,"column":8},"end":{"line":16,"column":80}},"type":"if","locations":[{"start":{"line":16,"column":8},"end":{"line":16,"column":80}},{"start":{},"end":{}}]},"1":{"loc":{"start":{"line":31,"column":8},"end":{"line":31,"column":81}},"type":"if","locations":[{"start":{"line":31,"column":8},"end":{"line":31,"column":81}},{"start":{},"end":{}}]},"2":{"loc":{"start":{"line":40,"column":8},"end":{"line":40,"column":81}},"type":"if","locations":[{"start":{"line":40,"column":8},"end":{"line":40,"column":81}},{"start":{},"end":{}}]}},"s":{"0":2,"1":2,"2":2,"3":1,"4":1,"5":0,"6":1,"7":1,"8":0,"9":1,"10":0,"11":2,"12":2,"13":0,"14":1,"15":1,"16":0,"17":1,"18":0,"19":1,"20":1,"21":0,"22":1,"23":0},"f":{"0":1,"1":1,"2":0,"3":1,"4":1,"5":0,"6":2,"7":2,"8":0,"9":1,"10":1,"11":0,"12":1,"13":1,"14":0},"b":{"0":[0,1],"1":[0,1],"2":[0,1]}}
,"C:\\Users\\harsh\\OneDrive - Red River College Polytech\\TERM-3\\COMP-3018\\3018-Project-milestone\\src\\controllers\\loanController.ts": {"path":"C:\\Users\\harsh\\OneDrive - Red River College Polytech\\TERM-3\\COMP-3018\\3018-Project-milestone\\src\\controllers\\loanController.ts","statementMap":{"0":{"start":{"line":2,"column":0},"end":{"line":2,"column":55}},"1":{"start":{"line":4,"column":16},"end":{"line":4,"column":33}},"2":{"start":{"line":6,"column":13},"end":{"line":45,"column":2}},"3":{"start":{"line":8,"column":4},"end":{"line":10,"column":77}},"4":{"start":{"line":9,"column":21},"end":{"line":9,"column":36}},"5":{"start":{"line":10,"column":19},"end":{"line":10,"column":75}},"6":{"start":{"line":14,"column":4},"end":{"line":19,"column":76}},"7":{"start":{"line":16,"column":8},"end":{"line":16,"column":76}},"8":{"start":{"line":16,"column":19},"end":{"line":16,"column":76}},"9":{"start":{"line":17,"column":8},"end":{"line":17,"column":23}},"10":{"start":{"line":19,"column":19},"end":{"line":19,"column":74}},"11":{"start":{"line":23,"column":4},"end":{"line":25,"column":77}},"12":{"start":{"line":24,"column":23},"end":{"line":24,"column":52}},"13":{"start":{"line":25,"column":19},"end":{"line":25,"column":75}},"14":{"start":{"line":29,"column":4},"end":{"line":34,"column":77}},"15":{"start":{"line":31,"column":8},"end":{"line":31,"column":79}},"16":{"start":{"line":31,"column":22},"end":{"line":31,"column":79}},"17":{"start":{"line":32,"column":8},"end":{"line":32,"column":26}},"18":{"start":{"line":34,"column":19},"end":{"line":34,"column":75}},"19":{"start":{"line":38,"column":4},"end":{"line":43,"column":77}},"20":{"start":{"line":40,"column":8},"end":{"line":40,"column":79}},"21":{"start":{"line":40,"column":22},"end":{"line":40,"column":79}},"22":{"start":{"line":41,"column":8},"end":{"line":41,"column":31}},"23":{"start":{"line":43,"column":19},"end":{"line":43,"column":75}}},"fnMap":{"0":{"name":"(anonymous_0)","decl":{"start":{"line":7,"column":2},"end":{"line":7,"column":13}},"loc":{"start":{"line":7,"column":41},"end":{"line":11,"column":3}}},"1":{"name":"(anonymous_1)","decl":{"start":{"line":9,"column":12},"end":{"line":9,"column":17}},"loc":{"start":{"line":9,"column":21},"end":{"line":9,"column":36}}},"2":{"name":"(anonymous_2)","decl":{"start":{"line":10,"column":13},"end":{"line":10,"column":16}},"loc":{"start":{"line":10,"column":19},"end":{"line":10,"column":75}}},"3":{"name":"(anonymous_3)","decl":{"start":{"line":13,"column":2},"end":{"line":13,"column":13}},"loc":{"start":{"line":13,"column":41},"end":{"line":20,"column":3}}},"4":{"name":"(anonymous_4)","decl":{"start":{"line":15,"column":12},"end":{"line":15,"column":16}},"loc":{"start":{"line":15,"column":19},"end":{"line":18,"column":7}}},"5":{"name":"(anonymous_5)","decl":{"start":{"line":19,"column":13},"end":{"line":19,"column":16}},"loc":{"start":{"line":19,"column":19},"end":{"line":19,"column":74}}},"6":{"name":"(anonymous_6)","decl":{"start":{"line":22,"column":2},"end":{"line":22,"column":12}},"loc":{"start":{"line":22,"column":40},"end":{"line":26,"column":3}}},"7":{"name":"(anonymous_7)","decl":{"start":{"line":24,"column":12},"end":{"line":24,"column":19}},"loc":{"start":{"line":24,"column":23},"end":{"line":24,"column":52}}},"8":{"name":"(anonymous_8)","decl":{"start":{"line":25,"column":13},"end":{"line":25,"column":16}},"loc":{"start":{"line":25,"column":19},"end":{"line":25,"column":75}}},"9":{"name":"(anonymous_9)","decl":{"start":{"line":28,"column":2},"end":{"line":28,"column":12}},"loc":{"start":{"line":28,"column":40},"end":{"line":35,"column":3}}},"10":{"name":"(anonymous_10)","decl":{"start":{"line":30,"column":12},"end":{"line":30,"column":19}},"loc":{"start":{"line":30,"column":22},"end":{"line":33,"column":7}}},"11":{"name":"(anonymous_11)","decl":{"start":{"line":34,"column":13},"end":{"line":34,"column":16}},"loc":{"start":{"line":34,"column":19},"end":{"line":34,"column":75}}},"12":{"name":"(anonymous_12)","decl":{"start":{"line":37,"column":2},"end":{"line":37,"column":12}},"loc":{"start":{"line":37,"column":40},"end":{"line":44,"column":3}}},"13":{"name":"(anonymous_13)","decl":{"start":{"line":39,"column":12},"end":{"line":39,"column":19}},"loc":{"start":{"line":39,"column":22},"end":{"line":42,"column":7}}},"14":{"name":"(anonymous_14)","decl":{"start":{"line":43,"column":13},"end":{"line":43,"column":16}},"loc":{"start":{"line":43,"column":19},"end":{"line":43,"column":75}}}},"branchMap":{"0":{"loc":{"start":{"line":16,"column":8},"end":{"line":16,"column":76}},"type":"if","locations":[{"start":{"line":16,"column":8},"end":{"line":16,"column":76}},{"start":{},"end":{}}]},"1":{"loc":{"start":{"line":31,"column":8},"end":{"line":31,"column":79}},"type":"if","locations":[{"start":{"line":31,"column":8},"end":{"line":31,"column":79}},{"start":{},"end":{}}]},"2":{"loc":{"start":{"line":40,"column":8},"end":{"line":40,"column":79}},"type":"if","locations":[{"start":{"line":40,"column":8},"end":{"line":40,"column":79}},{"start":{},"end":{}}]}},"s":{"0":2,"1":2,"2":2,"3":1,"4":1,"5":0,"6":1,"7":1,"8":0,"9":1,"10":0,"11":1,"12":1,"13":0,"14":1,"15":1,"16":0,"17":1,"18":0,"19":1,"20":1,"21":0,"22":1,"23":0},"f":{"0":1,"1":1,"2":0,"3":1,"4":1,"5":0,"6":1,"7":1,"8":0,"9":1,"10":1,"11":0,"12":1,"13":1,"14":0},"b":{"0":[0,1],"1":[0,1],"2":[0,1]}}
,"C:\\Users\\harsh\\OneDrive - Red River College Polytech\\TERM-3\\COMP-3018\\3018-Project-milestone\\src\\middleware\\errorHandler.ts": {"path":"C:\\Users\\harsh\\OneDrive - Red River College Polytech\\TERM-3\\COMP-3018\\3018-Project-milestone\\src\\middleware\\errorHandler.ts","statementMap":{"0":{"start":{"line":3,"column":0},"end":{"line":3,"column":24}},"1":{"start":{"line":4,"column":2},"end":{"line":4,"column":21}},"2":{"start":{"line":5,"column":2},"end":{"line":5,"column":90}}},"fnMap":{"0":{"name":"errorHandler","decl":{"start":{"line":3,"column":24},"end":{"line":3,"column":36}},"loc":{"start":{"line":3,"column":96},"end":{"line":6,"column":1}}}},"branchMap":{"0":{"loc":{"start":{"line":5,"column":13},"end":{"line":5,"column":30}},"type":"binary-expr","locations":[{"start":{"line":5,"column":13},"end":{"line":5,"column":23}},{"start":{"line":5,"column":27},"end":{"line":5,"column":30}}]},"1":{"loc":{"start":{"line":5,"column":48},"end":{"line":5,"column":86}},"type":"binary-expr","locations":[{"start":{"line":5,"column":48},"end":{"line":5,"column":59}},{"start":{"line":5,"column":63},"end":{"line":5,"column":86}}]}},"s":{"0":2,"1":0,"2":0},"f":{"0":0},"b":{"0":[0,0],"1":[0,0]}}
,"C:\\Users\\harsh\\OneDrive - Red River College Polytech\\TERM-3\\COMP-3018\\3018-Project-milestone\\src\\middleware\\validation.ts": {"path":"C:\\Users\\harsh\\OneDrive - Red River College Polytech\\TERM-3\\COMP-3018\\3018-Project-milestone\\src\\middleware\\validation.ts","statementMap":{"0":{"start":{"line":4,"column":31},"end":{"line":13,"column":1}},"1":{"start":{"line":5,"column":2},"end":{"line":12,"column":4}},"2":{"start":{"line":6,"column":22},"end":{"line":6,"column":47}},"3":{"start":{"line":7,"column":4},"end":{"line":10,"column":5}},"4":{"start":{"line":8,"column":6},"end":{"line":8,"column":64}},"5":{"start":{"line":9,"column":6},"end":{"line":9,"column":13}},"6":{"start":{"line":11,"column":4},"end":{"line":11,"column":11}},"7":{"start":{"line":4,"column":13},"end":{"line":4,"column":31}}},"fnMap":{"0":{"name":"(anonymous_0)","decl":{"start":{"line":4,"column":31},"end":{"line":4,"column":32}},"loc":{"start":{"line":4,"column":60},"end":{"line":13,"column":1}}},"1":{"name":"(anonymous_1)","decl":{"start":{"line":5,"column":9},"end":{"line":5,"column":10}},"loc":{"start":{"line":5,"column":67},"end":{"line":12,"column":3}}}},"branchMap":{"0":{"loc":{"start":{"line":7,"column":4},"end":{"line":10,"column":5}},"type":"if","locations":[{"start":{"line":7,"column":4},"end":{"line":10,"column":5}},{"start":{},"end":{}}]}},"s":{"0":2,"1":8,"2":5,"3":5,"4":0,"5":0,"6":5,"7":2},"f":{"0":8,"1":5},"b":{"0":[0,5]}}
,"C:\\Users\\harsh\\OneDrive - Red River College Polytech\\TERM-3\\COMP-3018\\3018-Project-milestone\\src\\repositories\\LoanRepository.ts": {"path":"C:\\Users\\harsh\\OneDrive - Red River College Polytech\\TERM-3\\COMP-3018\\3018-Project-milestone\\src\\repositories\\LoanRepository.ts","statementMap":{"0":{"start":{"line":4,"column":10},"end":{"line":4,"column":29}},"1":{"start":{"line":7,"column":4},"end":{"line":7,"column":22}},"2":{"start":{"line":11,"column":4},"end":{"line":11,"column":53}},"3":{"start":{"line":11,"column":32},"end":{"line":11,"column":43}},"4":{"start":{"line":15,"column":17},"end":{"line":20,"column":null}},"5":{"start":{"line":22,"column":4},"end":{"line":22,"column":29}},"6":{"start":{"line":23,"column":4},"end":{"line":23,"column":19}},"7":{"start":{"line":27,"column":17},"end":{"line":27,"column":40}},"8":{"start":{"line":28,"column":4},"end":{"line":28,"column":27}},"9":{"start":{"line":28,"column":15},"end":{"line":28,"column":27}},"10":{"start":{"line":29,"column":4},"end":{"line":29,"column":57}},"11":{"start":{"line":30,"column":4},"end":{"line":30,"column":16}},"12":{"start":{"line":34,"column":18},"end":{"line":34,"column":56}},"13":{"start":{"line":34,"column":44},"end":{"line":34,"column":55}},"14":{"start":{"line":35,"column":4},"end":{"line":35,"column":35}},"15":{"start":{"line":35,"column":22},"end":{"line":35,"column":35}},"16":{"start":{"line":36,"column":4},"end":{"line":36,"column":32}},"17":{"start":{"line":37,"column":4},"end":{"line":37,"column":16}},"18":{"start":{"line":3,"column":0},"end":{"line":3,"column":13}}},"fnMap":{"0":{"name":"(anonymous_7)","decl":{"start":{"line":3,"column":0},"end":{"line":3,"column":13}},"loc":{"start":{"line":3,"column":0},"end":{"line":39,"column":1}}},"1":{"name":"(anonymous_8)","decl":{"start":{"line":6,"column":8},"end":{"line":6,"column":15}},"loc":{"start":{"line":6,"column":15},"end":{"line":8,"column":null}}},"2":{"name":"(anonymous_10)","decl":{"start":{"line":10,"column":8},"end":{"line":10,"column":16}},"loc":{"start":{"line":10,"column":27},"end":{"line":12,"column":null}}},"3":{"name":"(anonymous_12)","decl":{"start":{"line":11,"column":27},"end":{"line":11,"column":28}},"loc":{"start":{"line":11,"column":32},"end":{"line":11,"column":43}}},"4":{"name":"(anonymous_13)","decl":{"start":{"line":14,"column":8},"end":{"line":14,"column":14}},"loc":{"start":{"line":14,"column":80},"end":{"line":24,"column":null}}},"5":{"name":"(anonymous_15)","decl":{"start":{"line":26,"column":8},"end":{"line":26,"column":14}},"loc":{"start":{"line":26,"column":46},"end":{"line":31,"column":null}}},"6":{"name":"(anonymous_17)","decl":{"start":{"line":33,"column":8},"end":{"line":33,"column":14}},"loc":{"start":{"line":33,"column":25},"end":{"line":38,"column":null}}},"7":{"name":"(anonymous_19)","decl":{"start":{"line":34,"column":39},"end":{"line":34,"column":40}},"loc":{"start":{"line":34,"column":44},"end":{"line":34,"column":55}}}},"branchMap":{"0":{"loc":{"start":{"line":11,"column":11},"end":{"line":11,"column":52}},"type":"binary-expr","locations":[{"start":{"line":11,"column":11},"end":{"line":11,"column":44}},{"start":{"line":11,"column":48},"end":{"line":11,"column":52}}]},"1":{"loc":{"start":{"line":28,"column":4},"end":{"line":28,"column":27}},"type":"if","locations":[{"start":{"line":28,"column":4},"end":{"line":28,"column":27}},{"start":{},"end":{}}]},"2":{"loc":{"start":{"line":35,"column":4},"end":{"line":35,"column":35}},"type":"if","locations":[{"start":{"line":35,"column":4},"end":{"line":35,"column":35}},{"start":{},"end":{}}]}},"s":{"0":2,"1":1,"2":2,"3":2,"4":1,"5":1,"6":1,"7":1,"8":1,"9":0,"10":1,"11":1,"12":1,"13":1,"14":1,"15":0,"16":1,"17":1,"18":2},"f":{"0":2,"1":1,"2":2,"3":2,"4":1,"5":1,"6":1,"7":1},"b":{"0":[2,0],"1":[0,1],"2":[0,1]}}
,"C:\\Users\\harsh\\OneDrive - Red River College Polytech\\TERM-3\\COMP-3018\\3018-Project-milestone\\src\\repositories\\clientRepository.ts": {"path":"C:\\Users\\harsh\\OneDrive - Red River College Polytech\\TERM-3\\COMP-3018\\3018-Project-milestone\\src\\repositories\\clientRepository.ts","statementMap":{"0":{"start":{"line":4,"column":10},"end":{"line":4,"column":33}},"1":{"start":{"line":7,"column":4},"end":{"line":7,"column":24}},"2":{"start":{"line":11,"column":4},"end":{"line":11,"column":55}},"3":{"start":{"line":11,"column":34},"end":{"line":11,"column":45}},"4":{"start":{"line":15,"column":19},"end":{"line":19,"column":null}},"5":{"start":{"line":21,"column":4},"end":{"line":21,"column":33}},"6":{"start":{"line":22,"column":4},"end":{"line":22,"column":21}},"7":{"start":{"line":26,"column":19},"end":{"line":26,"column":42}},"8":{"start":{"line":27,"column":4},"end":{"line":27,"column":29}},"9":{"start":{"line":27,"column":17},"end":{"line":27,"column":29}},"10":{"start":{"line":28,"column":4},"end":{"line":28,"column":59}},"11":{"start":{"line":29,"column":4},"end":{"line":29,"column":18}},"12":{"start":{"line":33,"column":18},"end":{"line":33,"column":58}},"13":{"start":{"line":33,"column":46},"end":{"line":33,"column":57}},"14":{"start":{"line":34,"column":4},"end":{"line":34,"column":35}},"15":{"start":{"line":34,"column":22},"end":{"line":34,"column":35}},"16":{"start":{"line":35,"column":4},"end":{"line":35,"column":34}},"17":{"start":{"line":36,"column":4},"end":{"line":36,"column":16}},"18":{"start":{"line":3,"column":0},"end":{"line":3,"column":13}}},"fnMap":{"0":{"name":"(anonymous_7)","decl":{"start":{"line":3,"column":0},"end":{"line":3,"column":13}},"loc":{"start":{"line":3,"column":0},"end":{"line":38,"column":1}}},"1":{"name":"(anonymous_8)","decl":{"start":{"line":6,"column":8},"end":{"line":6,"column":15}},"loc":{"start":{"line":6,"column":15},"end":{"line":8,"column":null}}},"2":{"name":"(anonymous_10)","decl":{"start":{"line":10,"column":8},"end":{"line":10,"column":16}},"loc":{"start":{"line":10,"column":27},"end":{"line":12,"column":null}}},"3":{"name":"(anonymous_12)","decl":{"start":{"line":11,"column":29},"end":{"line":11,"column":30}},"loc":{"start":{"line":11,"column":34},"end":{"line":11,"column":45}}},"4":{"name":"(anonymous_13)","decl":{"start":{"line":14,"column":8},"end":{"line":14,"column":14}},"loc":{"start":{"line":14,"column":67},"end":{"line":23,"column":null}}},"5":{"name":"(anonymous_15)","decl":{"start":{"line":25,"column":8},"end":{"line":25,"column":14}},"loc":{"start":{"line":25,"column":48},"end":{"line":30,"column":null}}},"6":{"name":"(anonymous_17)","decl":{"start":{"line":32,"column":8},"end":{"line":32,"column":14}},"loc":{"start":{"line":32,"column":25},"end":{"line":37,"column":null}}},"7":{"name":"(anonymous_19)","decl":{"start":{"line":33,"column":41},"end":{"line":33,"column":42}},"loc":{"start":{"line":33,"column":46},"end":{"line":33,"column":57}}}},"branchMap":{"0":{"loc":{"start":{"line":11,"column":11},"end":{"line":11,"column":54}},"type":"binary-expr","locations":[{"start":{"line":11,"column":11},"end":{"line":11,"column":46}},{"start":{"line":11,"column":50},"end":{"line":11,"column":54}}]},"1":{"loc":{"start":{"line":27,"column":4},"end":{"line":27,"column":29}},"type":"if","locations":[{"start":{"line":27,"column":4},"end":{"line":27,"column":29}},{"start":{},"end":{}}]},"2":{"loc":{"start":{"line":34,"column":4},"end":{"line":34,"column":35}},"type":"if","locations":[{"start":{"line":34,"column":4},"end":{"line":34,"column":35}},{"start":{},"end":{}}]}},"s":{"0":2,"1":1,"2":2,"3":2,"4":2,"5":2,"6":2,"7":1,"8":1,"9":0,"10":1,"11":1,"12":1,"13":1,"14":1,"15":0,"16":1,"17":1,"18":2},"f":{"0":2,"1":1,"2":2,"3":2,"4":2,"5":1,"6":1,"7":1},"b":{"0":[2,0],"1":[0,1],"2":[0,1]}}
,"C:\\Users\\harsh\\OneDrive - Red River College Polytech\\TERM-3\\COMP-3018\\3018-Project-milestone\\src\\routes\\clientRoutes.ts": {"path":"C:\\Users\\harsh\\OneDrive - Red River College Polytech\\TERM-3\\COMP-3018\\3018-Project-milestone\\src\\routes\\clientRoutes.ts","statementMap":{"0":{"start":{"line":1,"column":0},"end":{"line":1,"column":33}},"1":{"start":{"line":2,"column":0},"end":{"line":2,"column":67}},"2":{"start":{"line":3,"column":0},"end":{"line":3,"column":59}},"3":{"start":{"line":4,"column":0},"end":{"line":4,"column":89}},"4":{"start":{"line":6,"column":15},"end":{"line":6,"column":23}},"5":{"start":{"line":47,"column":0},"end":{"line":47,"column":48}},"6":{"start":{"line":76,"column":0},"end":{"line":76,"column":51}},"7":{"start":{"line":131,"column":0},"end":{"line":131,"column":85}},"8":{"start":{"line":188,"column":0},"end":{"line":188,"column":87}},"9":{"start":{"line":209,"column":0},"end":{"line":209,"column":53}},"10":{"start":{"line":211,"column":0},"end":{"line":211,"column":22}}},"fnMap":{},"branchMap":{},"s":{"0":2,"1":2,"2":2,"3":2,"4":2,"5":2,"6":2,"7":2,"8":2,"9":2,"10":2},"f":{},"b":{}}
,"C:\\Users\\harsh\\OneDrive - Red River College Polytech\\TERM-3\\COMP-3018\\3018-Project-milestone\\src\\routes\\loanRoutes.ts": {"path":"C:\\Users\\harsh\\OneDrive - Red River College Polytech\\TERM-3\\COMP-3018\\3018-Project-milestone\\src\\routes\\loanRoutes.ts","statementMap":{"0":{"start":{"line":1,"column":0},"end":{"line":1,"column":33}},"1":{"start":{"line":2,"column":0},"end":{"line":2,"column":63}},"2":{"start":{"line":3,"column":0},"end":{"line":3,"column":59}},"3":{"start":{"line":4,"column":0},"end":{"line":4,"column":83}},"4":{"start":{"line":6,"column":15},"end":{"line":6,"column":23}},"5":{"start":{"line":48,"column":0},"end":{"line":48,"column":44}},"6":{"start":{"line":77,"column":0},"end":{"line":77,"column":47}},"7":{"start":{"line":136,"column":0},"end":{"line":136,"column":79}},"8":{"start":{"line":193,"column":0},"end":{"line":193,"column":81}},"9":{"start":{"line":214,"column":0},"end":{"line":214,"column":49}},"10":{"start":{"line":216,"column":0},"end":{"line":216,"column":22}}},"fnMap":{},"branchMap":{},"s":{"0":2,"1":2,"2":2,"3":2,"4":2,"5":2,"6":2,"7":2,"8":2,"9":2,"10":2},"f":{},"b":{}}
,"C:\\Users\\harsh\\OneDrive - Red River College Polytech\\TERM-3\\COMP-3018\\3018-Project-milestone\\src\\services\\clientService.ts": {"path":"C:\\Users\\harsh\\OneDrive - Red River College Polytech\\TERM-3\\COMP-3018\\3018-Project-milestone\\src\\services\\clientService.ts","statementMap":{"0":{"start":{"line":1,"column":0},"end":{"line":1,"column":68}},"1":{"start":{"line":5,"column":10},"end":{"line":5,"column":40}},"2":{"start":{"line":8,"column":4},"end":{"line":8,"column":31}},"3":{"start":{"line":12,"column":4},"end":{"line":12,"column":34}},"4":{"start":{"line":16,"column":4},"end":{"line":16,"column":34}},"5":{"start":{"line":20,"column":4},"end":{"line":20,"column":38}},"6":{"start":{"line":24,"column":4},"end":{"line":24,"column":32}},"7":{"start":{"line":4,"column":0},"end":{"line":4,"column":13}}},"fnMap":{"0":{"name":"(anonymous_7)","decl":{"start":{"line":4,"column":0},"end":{"line":4,"column":13}},"loc":{"start":{"line":4,"column":0},"end":{"line":26,"column":1}}},"1":{"name":"(anonymous_8)","decl":{"start":{"line":7,"column":8},"end":{"line":7,"column":21}},"loc":{"start":{"line":7,"column":21},"end":{"line":9,"column":null}}},"2":{"name":"(anonymous_10)","decl":{"start":{"line":11,"column":8},"end":{"line":11,"column":21}},"loc":{"start":{"line":11,"column":32},"end":{"line":13,"column":null}}},"3":{"name":"(anonymous_12)","decl":{"start":{"line":15,"column":8},"end":{"line":15,"column":20}},"loc":{"start":{"line":15,"column":73},"end":{"line":17,"column":null}}},"4":{"name":"(anonymous_14)","decl":{"start":{"line":19,"column":8},"end":{"line":19,"column":20}},"loc":{"start":{"line":19,"column":54},"end":{"line":21,"column":null}}},"5":{"name":"(anonymous_16)","decl":{"start":{"line":23,"column":8},"end":{"line":23,"column":20}},"loc":{"start":{"line":23,"column":31},"end":{"line":25,"column":null}}}},"branchMap":{},"s":{"0":2,"1":2,"2":1,"3":1,"4":2,"5":1,"6":1,"7":2},"f":{"0":2,"1":1,"2":1,"3":2,"4":1,"5":1},"b":{}}
,"C:\\Users\\harsh\\OneDrive - Red River College Polytech\\TERM-3\\COMP-3018\\3018-Project-milestone\\src\\services\\loanServices.ts": {"path":"C:\\Users\\harsh\\OneDrive - Red River College Polytech\\TERM-3\\COMP-3018\\3018-Project-milestone\\src\\services\\loanServices.ts","statementMap":{"0":{"start":{"line":1,"column":0},"end":{"line":1,"column":64}},"1":{"start":{"line":5,"column":10},"end":{"line":5,"column":38}},"2":{"start":{"line":8,"column":4},"end":{"line":8,"column":38}},"3":{"start":{"line":8,"column":25},"end":{"line":8,"column":38}},"4":{"start":{"line":9,"column":4},"end":{"line":9,"column":41}},"5":{"start":{"line":9,"column":25},"end":{"line":9,"column":41}},"6":{"start":{"line":10,"column":4},"end":{"line":10,"column":18}},"7":{"start":{"line":14,"column":4},"end":{"line":14,"column":31}},"8":{"start":{"line":18,"column":4},"end":{"line":18,"column":34}},"9":{"start":{"line":22,"column":23},"end":{"line":22,"column":51}},"10":{"start":{"line":23,"column":4},"end":{"line":23,"column":61}},"11":{"start":{"line":27,"column":4},"end":{"line":27,"column":68}},"12":{"start":{"line":27,"column":21},"end":{"line":27,"column":68}},"13":{"start":{"line":28,"column":4},"end":{"line":28,"column":38}},"14":{"start":{"line":32,"column":4},"end":{"line":32,"column":32}},"15":{"start":{"line":4,"column":0},"end":{"line":4,"column":13}}},"fnMap":{"0":{"name":"(anonymous_7)","decl":{"start":{"line":4,"column":0},"end":{"line":4,"column":13}},"loc":{"start":{"line":4,"column":0},"end":{"line":34,"column":1}}},"1":{"name":"(anonymous_8)","decl":{"start":{"line":7,"column":10},"end":{"line":7,"column":20}},"loc":{"start":{"line":7,"column":35},"end":{"line":11,"column":3}}},"2":{"name":"(anonymous_9)","decl":{"start":{"line":13,"column":8},"end":{"line":13,"column":19}},"loc":{"start":{"line":13,"column":19},"end":{"line":15,"column":null}}},"3":{"name":"(anonymous_11)","decl":{"start":{"line":17,"column":8},"end":{"line":17,"column":19}},"loc":{"start":{"line":17,"column":30},"end":{"line":19,"column":null}}},"4":{"name":"(anonymous_13)","decl":{"start":{"line":21,"column":8},"end":{"line":21,"column":18}},"loc":{"start":{"line":21,"column":84},"end":{"line":24,"column":null}}},"5":{"name":"(anonymous_15)","decl":{"start":{"line":26,"column":8},"end":{"line":26,"column":18}},"loc":{"start":{"line":26,"column":50},"end":{"line":29,"column":null}}},"6":{"name":"(anonymous_17)","decl":{"start":{"line":31,"column":8},"end":{"line":31,"column":18}},"loc":{"start":{"line":31,"column":29},"end":{"line":33,"column":null}}}},"branchMap":{"0":{"loc":{"start":{"line":8,"column":4},"end":{"line":8,"column":38}},"type":"if","locations":[{"start":{"line":8,"column":4},"end":{"line":8,"column":38}},{"start":{},"end":{}}]},"1":{"loc":{"start":{"line":9,"column":4},"end":{"line":9,"column":41}},"type":"if","locations":[{"start":{"line":9,"column":4},"end":{"line":9,"column":41}},{"start":{},"end":{}}]},"2":{"loc":{"start":{"line":27,"column":4},"end":{"line":27,"column":68}},"type":"if","locations":[{"start":{"line":27,"column":4},"end":{"line":27,"column":68}},{"start":{},"end":{}}]}},"s":{"0":2,"1":2,"2":2,"3":0,"4":2,"5":1,"6":1,"7":1,"8":1,"9":1,"10":1,"11":1,"12":1,"13":1,"14":1,"15":2},"f":{"0":2,"1":2,"2":1,"3":1,"4":1,"5":1,"6":1},"b":{"0":[0,2],"1":[1,1],"2":[1,0]}}
}
