TN:
SF:src\app.ts
FN:25,(anonymous_1)
FN:36,(anonymous_2)
FNF:2
FNH:1
FNDA:0,(anonymous_1)
FNDA:4,(anonymous_2)
DA:1,4
DA:2,4
DA:3,4
DA:4,4
DA:5,4
DA:6,4
DA:7,4
DA:9,4
DA:10,4
DA:12,4
DA:13,4
DA:16,4
DA:17,4
DA:18,4
DA:21,4
DA:22,4
DA:25,4
DA:26,0
DA:33,4
DA:36,4
DA:40,4
LF:21
LH:20
BRDA:13,0,0,4
BRDA:13,0,1,4
BRF:2
BRH:2
end_of_record
TN:
SF:src\Validations\clientValidation.ts
FNF:0
FNH:0
DA:1,4
DA:3,4
DA:10,4
LF:3
LH:3
BRF:0
BRH:0
end_of_record
TN:
SF:src\Validations\loanValidation.ts
FNF:0
FNH:0
DA:1,4
DA:3,4
DA:11,4
DA:20,4
LF:4
LH:4
BRF:0
BRH:0
end_of_record
TN:
SF:src\controllers\clientController.ts
FN:7,(anonymous_0)
FN:9,(anonymous_1)
FN:10,(anonymous_2)
FN:13,(anonymous_3)
FN:15,(anonymous_4)
FN:19,(anonymous_5)
FN:22,(anonymous_6)
FN:24,(anonymous_7)
FN:25,(anonymous_8)
FN:28,(anonymous_9)
FN:30,(anonymous_10)
FN:34,(anonymous_11)
FN:37,(anonymous_12)
FN:39,(anonymous_13)
FN:43,(anonymous_14)
FNF:15
FNH:10
FNDA:1,(anonymous_0)
FNDA:1,(anonymous_1)
FNDA:0,(anonymous_2)
FNDA:1,(anonymous_3)
FNDA:1,(anonymous_4)
FNDA:0,(anonymous_5)
FNDA:5,(anonymous_6)
FNDA:5,(anonymous_7)
FNDA:0,(anonymous_8)
FNDA:1,(anonymous_9)
FNDA:1,(anonymous_10)
FNDA:0,(anonymous_11)
FNDA:1,(anonymous_12)
FNDA:1,(anonymous_13)
FNDA:0,(anonymous_14)
DA:2,4
DA:4,4
DA:6,4
DA:8,1
DA:9,1
DA:10,0
DA:14,1
DA:16,1
DA:17,1
DA:19,0
DA:23,5
DA:24,5
DA:25,0
DA:29,1
DA:31,1
DA:32,1
DA:34,0
DA:38,1
DA:40,1
DA:41,1
DA:43,0
LF:21
LH:16
BRDA:16,0,0,0
BRDA:16,0,1,1
BRDA:31,1,0,0
BRDA:31,1,1,1
BRDA:40,2,0,0
BRDA:40,2,1,1
BRF:6
BRH:3
end_of_record
TN:
SF:src\controllers\loanController.ts
FN:9,(anonymous_7)
FN:9,(anonymous_8)
FN:27,(anonymous_9)
FN:27,(anonymous_10)
FN:36,(anonymous_11)
FN:36,(anonymous_12)
FN:41,(anonymous_13)
FN:41,(anonymous_14)
FN:50,(anonymous_15)
FN:50,(anonymous_16)
FNF:10
FNH:10
FNDA:4,(anonymous_7)
FNDA:4,(anonymous_8)
FNDA:1,(anonymous_9)
FNDA:1,(anonymous_10)
FNDA:5,(anonymous_11)
FNDA:5,(anonymous_12)
FNDA:3,(anonymous_13)
FNDA:3,(anonymous_14)
FNDA:2,(anonymous_15)
FNDA:2,(anonymous_16)
DA:2,4
DA:3,4
DA:4,4
DA:6,4
DA:8,4
DA:9,4
DA:10,4
DA:11,4
DA:12,0
DA:13,0
DA:16,4
DA:21,4
DA:23,4
DA:24,4
DA:27,1
DA:28,1
DA:29,1
DA:30,0
DA:31,0
DA:33,1
DA:36,5
DA:37,5
DA:38,5
DA:41,3
DA:42,3
DA:43,3
DA:44,0
DA:45,0
DA:47,3
DA:50,2
DA:51,2
DA:52,2
DA:53,0
DA:54,0
DA:56,2
LF:35
LH:27
BRDA:11,0,0,0
BRDA:11,0,1,4
BRDA:21,1,0,1
BRDA:21,1,1,3
BRDA:21,2,0,1
BRDA:21,2,1,0
BRDA:29,3,0,0
BRDA:29,3,1,1
BRDA:43,4,0,0
BRDA:43,4,1,3
BRDA:52,5,0,0
BRDA:52,5,1,2
BRF:12
BRH:7
end_of_record
TN:
SF:src\middleware\asyncHandler.ts
FN:3,(anonymous_0)
FN:4,(anonymous_1)
FNF:2
FNH:2
FNDA:20,(anonymous_0)
FNDA:15,(anonymous_1)
DA:3,4
DA:4,20
DA:5,15
LF:3
LH:3
BRF:0
BRH:0
end_of_record
TN:
SF:src\middleware\authMiddleware.ts
FN:12,authMiddleware
FN:32,authorizeRole
FN:33,(anonymous_3)
FNF:3
FNH:3
FNDA:24,authMiddleware
FNDA:24,authorizeRole
FNDA:21,(anonymous_3)
DA:2,4
DA:4,4
DA:12,4
DA:13,24
DA:14,24
DA:15,3
DA:16,3
DA:19,21
DA:21,21
DA:22,21
DA:23,21
DA:24,21
DA:26,0
DA:27,0
DA:32,4
DA:33,24
DA:34,21
DA:35,21
DA:36,4
DA:37,4
DA:39,17
LF:21
LH:19
BRDA:4,0,0,4
BRDA:4,0,1,4
BRDA:14,1,0,3
BRDA:14,1,1,21
BRDA:14,2,0,24
BRDA:14,2,1,21
BRDA:35,3,0,4
BRDA:35,3,1,17
BRDA:35,4,0,21
BRDA:35,4,1,21
BRF:10
BRH:10
end_of_record
TN:
SF:src\middleware\errorHandler.ts
FN:3,errorHandler
FNF:1
FNH:0
FNDA:0,errorHandler
DA:3,4
DA:4,0
DA:5,0
LF:3
LH:1
BRDA:5,0,0,0
BRDA:5,0,1,0
BRDA:5,1,0,0
BRDA:5,1,1,0
BRF:4
BRH:0
end_of_record
TN:
SF:src\middleware\validation.ts
FN:4,(anonymous_0)
FN:5,(anonymous_1)
FNF:2
FNH:2
FNDA:16,(anonymous_0)
FNDA:14,(anonymous_1)
DA:4,4
DA:5,16
DA:6,14
DA:7,14
DA:8,0
DA:9,0
DA:11,14
LF:7
LH:5
BRDA:7,0,0,0
BRDA:7,0,1,14
BRF:2
BRH:1
end_of_record
TN:
SF:src\repositories\LoanRepository.ts
FN:7,(anonymous_7)
FN:9,(anonymous_8)
FN:13,(anonymous_9)
FN:20,(anonymous_10)
FN:24,(anonymous_12)
FN:25,(anonymous_14)
FN:28,(anonymous_15)
FN:40,(anonymous_17)
FN:47,(anonymous_19)
FN:48,(anonymous_21)
FNF:10
FNH:10
FNDA:4,(anonymous_7)
FNDA:4,(anonymous_8)
FNDA:8,(anonymous_9)
FNDA:4,(anonymous_10)
FNDA:7,(anonymous_12)
FNDA:9,(anonymous_14)
FNDA:5,(anonymous_15)
FNDA:3,(anonymous_17)
FNDA:2,(anonymous_19)
FNDA:2,(anonymous_21)
DA:3,4
DA:5,4
DA:10,4
DA:14,8
DA:15,4
DA:17,8
DA:21,4
DA:25,9
DA:29,5
DA:36,5
DA:37,5
DA:41,3
DA:42,3
DA:43,3
DA:44,3
DA:48,2
DA:49,2
DA:50,2
DA:51,2
LF:19
LH:19
BRDA:14,0,0,4
BRDA:14,0,1,4
BRDA:25,1,0,7
BRDA:25,1,1,0
BRDA:42,2,0,0
BRDA:42,2,1,3
BRDA:49,3,0,0
BRDA:49,3,1,2
BRF:8
BRH:5
end_of_record
TN:
SF:src\repositories\clientRepository.ts
FN:7,(anonymous_7)
FN:9,(anonymous_8)
FN:16,(anonymous_9)
FN:20,(anonymous_10)
FN:24,(anonymous_12)
FN:25,(anonymous_14)
FN:28,(anonymous_15)
FN:39,(anonymous_17)
FN:46,(anonymous_19)
FN:47,(anonymous_21)
FNF:10
FNH:10
FNDA:4,(anonymous_7)
FNDA:12,(anonymous_8)
FNDA:4,(anonymous_9)
FNDA:1,(anonymous_10)
FNDA:4,(anonymous_12)
FNDA:7,(anonymous_14)
FNDA:5,(anonymous_15)
FNDA:1,(anonymous_17)
FNDA:1,(anonymous_19)
FNDA:1,(anonymous_21)
DA:3,4
DA:5,4
DA:10,12
DA:11,4
DA:13,12
DA:17,4
DA:21,1
DA:25,7
DA:29,5
DA:35,5
DA:36,5
DA:40,1
DA:41,1
DA:42,1
DA:43,1
DA:47,1
DA:48,1
DA:49,1
DA:50,1
LF:19
LH:19
BRDA:10,0,0,4
BRDA:10,0,1,8
BRDA:25,1,0,4
BRDA:25,1,1,0
BRDA:41,2,0,0
BRDA:41,2,1,1
BRDA:48,3,0,0
BRDA:48,3,1,1
BRF:8
BRH:5
end_of_record
TN:
SF:src\routes\clientRoutes.ts
FNF:0
FNH:0
DA:1,4
DA:2,4
DA:3,4
DA:4,4
DA:5,4
DA:7,4
DA:48,4
DA:77,4
DA:132,4
DA:189,4
DA:210,4
DA:212,4
LF:12
LH:12
BRF:0
BRH:0
end_of_record
TN:
SF:src\routes\loanRoutes.ts
FNF:0
FNH:0
DA:1,4
DA:2,4
DA:3,4
DA:4,4
DA:5,4
DA:7,4
DA:72,4
DA:101,4
DA:160,4
DA:217,4
DA:238,4
DA:240,4
LF:12
LH:12
BRF:0
BRH:0
end_of_record
TN:
SF:src\services\clientService.ts
FN:5,(anonymous_7)
FN:8,(anonymous_8)
FN:12,(anonymous_10)
FN:16,(anonymous_12)
FN:22,(anonymous_14)
FN:26,(anonymous_16)
FNF:6
FNH:6
FNDA:8,(anonymous_7)
FNDA:1,(anonymous_8)
FNDA:3,(anonymous_10)
FNDA:5,(anonymous_12)
FNDA:1,(anonymous_14)
FNDA:1,(anonymous_16)
DA:1,4
DA:3,4
DA:5,4
DA:6,8
DA:9,1
DA:13,3
DA:17,5
DA:18,5
DA:19,5
DA:23,1
DA:27,1
LF:11
LH:11
BRF:0
BRH:0
end_of_record
TN:
SF:src\services\loanServices.ts
FN:6,(anonymous_7)
FN:10,(anonymous_8)
FN:16,(anonymous_9)
FN:22,(anonymous_11)
FN:25,(anonymous_12)
FN:31,(anonymous_13)
FN:43,(anonymous_14)
FN:47,(anonymous_16)
FN:53,(anonymous_18)
FN:75,(anonymous_20)
FNF:10
FNH:9
FNDA:4,(anonymous_7)
FNDA:6,(anonymous_8)
FNDA:4,(anonymous_9)
FNDA:2,(anonymous_11)
FNDA:0,(anonymous_12)
FNDA:1,(anonymous_13)
FNDA:1,(anonymous_14)
FNDA:5,(anonymous_16)
FNDA:3,(anonymous_18)
FNDA:2,(anonymous_20)
DA:1,4
DA:3,4
DA:4,4
DA:6,4
DA:7,4
DA:8,4
DA:11,6
DA:12,4
DA:13,1
DA:17,4
DA:20,4
DA:21,4
DA:22,2
DA:24,4
DA:25,0
DA:30,4
DA:31,1
DA:32,1
DA:33,1
DA:34,1
DA:35,0
DA:36,0
DA:40,4
DA:44,1
DA:48,5
DA:49,5
DA:50,5
DA:54,3
DA:55,3
DA:57,3
DA:58,3
DA:59,3
DA:60,3
DA:61,1
DA:62,1
DA:63,1
DA:66,3
DA:67,1
DA:68,1
DA:69,1
DA:72,3
DA:76,2
LF:42
LH:39
BRDA:11,0,0,2
BRDA:11,0,1,4
BRDA:12,1,0,3
BRDA:12,1,1,1
BRDA:20,2,0,4
BRDA:20,2,1,0
BRDA:21,3,0,1
BRDA:21,3,1,3
BRDA:24,4,0,0
BRDA:24,4,1,4
BRDA:30,5,0,1
BRDA:30,5,1,3
BRDA:30,6,0,4
BRDA:30,6,1,1
BRDA:34,7,0,1
BRDA:34,7,1,0
BRDA:34,8,0,0
BRDA:34,8,1,1
BRDA:35,9,0,0
BRDA:35,9,1,0
BRDA:35,10,0,0
BRDA:35,10,1,0
BRDA:55,11,0,0
BRDA:55,11,1,3
BRDA:58,12,0,1
BRDA:58,12,1,2
BRDA:60,13,0,1
BRDA:60,13,1,2
BRDA:60,14,0,3
BRDA:60,14,1,3
BRDA:60,14,2,1
BRDA:62,15,0,1
BRDA:62,15,1,0
BRDA:66,16,0,1
BRDA:66,16,1,2
BRDA:66,17,0,3
BRDA:66,17,1,3
BRDA:66,17,2,1
BRDA:68,18,0,1
BRDA:68,18,1,0
BRF:40
BRH:29
end_of_record
TN:
SF:src\utils\emailService.ts
FN:5,sendEmail
FNF:1
FNH:1
FNDA:2,sendEmail
DA:1,4
DA:3,4
DA:5,4
DA:6,2
DA:7,2
DA:8,2
DA:9,2
DA:12,2
DA:13,2
DA:14,0
DA:16,2
DA:19,0
DA:24,0
DA:31,0
DA:32,0
DA:36,0
DA:37,0
LF:17
LH:10
BRDA:3,0,0,4
BRDA:3,0,1,0
BRDA:9,1,0,2
BRDA:9,1,1,2
BRDA:12,2,0,2
BRDA:12,2,1,0
BRDA:12,3,0,2
BRDA:12,3,1,0
BRDA:13,4,0,0
BRDA:13,4,1,2
BRDA:31,5,0,0
BRDA:31,5,1,0
BRDA:36,6,0,0
BRDA:36,6,1,0
BRDA:37,7,0,0
BRDA:37,7,1,0
BRF:16
BRH:6
end_of_record
