TN:
SF:src\app.ts
FN:27,(anonymous_1)
FN:38,(anonymous_2)
FNF:2
FNH:1
FNDA:0,(anonymous_1)
FNDA:4,(anonymous_2)
DA:1,4
DA:2,4
DA:3,4
DA:4,4
DA:5,4
DA:6,4
DA:7,4
DA:8,4
DA:10,4
DA:11,4
DA:13,4
DA:14,4
DA:17,4
DA:18,4
DA:19,4
DA:22,4
DA:23,4
DA:24,4
DA:27,4
DA:28,0
DA:35,4
DA:38,4
DA:42,4
LF:23
LH:22
BRDA:14,0,0,4
BRDA:14,0,1,4
BRF:2
BRH:2
end_of_record
TN:
SF:src\Validations\clientValidation.ts
FNF:0
FNH:0
DA:1,4
DA:3,4
DA:10,4
LF:3
LH:3
BRF:0
BRH:0
end_of_record
TN:
SF:src\Validations\loanValidation.ts
FNF:0
FNH:0
DA:1,4
DA:3,4
DA:11,4
DA:20,4
LF:4
LH:4
BRF:0
BRH:0
end_of_record
TN:
SF:src\Validations\userValidation.ts
FNF:0
FNH:0
DA:1,4
DA:3,4
DA:11,4
LF:3
LH:3
BRF:0
BRH:0
end_of_record
TN:
SF:src\config\firebase.ts
FNF:0
FNH:0
DA:1,4
DA:2,4
DA:4,4
DA:8,4
DA:14,4
DA:16,4
LF:6
LH:6
BRF:0
BRH:0
end_of_record
TN:
SF:src\controllers\clientController.ts
FN:7,(anonymous_0)
FN:9,(anonymous_1)
FN:10,(anonymous_2)
FN:13,(anonymous_3)
FN:15,(anonymous_4)
FN:19,(anonymous_5)
FN:22,(anonymous_6)
FN:24,(anonymous_7)
FN:25,(anonymous_8)
FN:28,(anonymous_9)
FN:30,(anonymous_10)
FN:34,(anonymous_11)
FN:37,(anonymous_12)
FN:39,(anonymous_13)
FN:43,(anonymous_14)
FNF:15
FNH:10
FNDA:1,(anonymous_0)
FNDA:1,(anonymous_1)
FNDA:0,(anonymous_2)
FNDA:1,(anonymous_3)
FNDA:1,(anonymous_4)
FNDA:0,(anonymous_5)
FNDA:7,(anonymous_6)
FNDA:7,(anonymous_7)
FNDA:0,(anonymous_8)
FNDA:1,(anonymous_9)
FNDA:1,(anonymous_10)
FNDA:0,(anonymous_11)
FNDA:1,(anonymous_12)
FNDA:1,(anonymous_13)
FNDA:0,(anonymous_14)
DA:2,4
DA:4,4
DA:6,4
DA:8,1
DA:9,1
DA:10,0
DA:14,1
DA:16,1
DA:17,1
DA:19,0
DA:23,7
DA:24,7
DA:25,0
DA:29,1
DA:31,1
DA:32,1
DA:34,0
DA:38,1
DA:40,1
DA:41,1
DA:43,0
LF:21
LH:16
BRDA:16,0,0,0
BRDA:16,0,1,1
BRDA:31,1,0,0
BRDA:31,1,1,1
BRDA:40,2,0,0
BRDA:40,2,1,1
BRF:6
BRH:3
end_of_record
TN:
SF:src\controllers\loanController.ts
FN:9,(anonymous_7)
FN:9,(anonymous_8)
FN:27,(anonymous_9)
FN:27,(anonymous_10)
FN:36,(anonymous_11)
FN:36,(anonymous_12)
FN:41,(anonymous_13)
FN:41,(anonymous_14)
FN:50,(anonymous_15)
FN:50,(anonymous_16)
FNF:10
FNH:10
FNDA:2,(anonymous_7)
FNDA:2,(anonymous_8)
FNDA:1,(anonymous_9)
FNDA:1,(anonymous_10)
FNDA:4,(anonymous_11)
FNDA:4,(anonymous_12)
FNDA:3,(anonymous_13)
FNDA:3,(anonymous_14)
FNDA:2,(anonymous_15)
FNDA:2,(anonymous_16)
DA:2,4
DA:3,4
DA:4,4
DA:6,4
DA:8,4
DA:9,2
DA:10,2
DA:11,2
DA:12,0
DA:13,0
DA:16,2
DA:21,2
DA:23,2
DA:24,2
DA:27,1
DA:28,1
DA:29,1
DA:30,0
DA:31,0
DA:33,1
DA:36,4
DA:37,4
DA:38,4
DA:41,3
DA:42,3
DA:43,3
DA:44,0
DA:45,0
DA:47,3
DA:50,2
DA:51,2
DA:52,2
DA:53,0
DA:54,0
DA:56,2
LF:35
LH:27
BRDA:11,0,0,0
BRDA:11,0,1,2
BRDA:21,1,0,0
BRDA:21,1,1,2
BRDA:21,2,0,0
BRDA:21,2,1,0
BRDA:29,3,0,0
BRDA:29,3,1,1
BRDA:43,4,0,0
BRDA:43,4,1,3
BRDA:52,5,0,0
BRDA:52,5,1,2
BRF:12
BRH:5
end_of_record
TN:
SF:src\controllers\userController.ts
FN:8,(anonymous_16)
FN:8,(anonymous_17)
FN:33,(anonymous_18)
FN:33,(anonymous_19)
FN:39,(anonymous_20)
FN:39,(anonymous_21)
FN:49,(anonymous_22)
FN:49,(anonymous_23)
FN:55,(anonymous_24)
FN:55,(anonymous_25)
FN:61,(anonymous_26)
FN:61,(anonymous_27)
FNF:12
FNH:0
FNDA:0,(anonymous_16)
FNDA:0,(anonymous_17)
FNDA:0,(anonymous_18)
FNDA:0,(anonymous_19)
FNDA:0,(anonymous_20)
FNDA:0,(anonymous_21)
FNDA:0,(anonymous_22)
FNDA:0,(anonymous_23)
FNDA:0,(anonymous_24)
FNDA:0,(anonymous_25)
FNDA:0,(anonymous_26)
FNDA:0,(anonymous_27)
DA:2,4
DA:3,4
DA:4,4
DA:5,4
DA:8,4
DA:9,0
DA:10,0
DA:11,0
DA:12,0
DA:15,0
DA:16,0
DA:17,0
DA:18,0
DA:20,0
DA:28,0
DA:33,4
DA:34,0
DA:35,0
DA:39,4
DA:40,0
DA:41,0
DA:42,0
DA:43,0
DA:45,0
DA:49,4
DA:50,0
DA:51,0
DA:55,4
DA:56,0
DA:57,0
DA:61,4
DA:62,0
DA:63,0
LF:33
LH:10
BRDA:10,0,0,0
BRDA:10,0,1,0
BRDA:24,1,0,0
BRDA:24,1,1,0
BRDA:24,2,0,0
BRDA:24,2,1,0
BRDA:24,3,0,0
BRDA:24,3,1,0
BRDA:41,4,0,0
BRDA:41,4,1,0
BRF:10
BRH:0
end_of_record
TN:
SF:src\middleware\asyncHandler.ts
FN:3,(anonymous_0)
FN:4,(anonymous_1)
FNF:2
FNH:2
FNDA:44,(anonymous_0)
FNDA:12,(anonymous_1)
DA:3,4
DA:4,44
DA:5,12
LF:3
LH:3
BRF:0
BRH:0
end_of_record
TN:
SF:src\middleware\errorHandler.ts
FN:3,errorHandler
FNF:1
FNH:0
FNDA:0,errorHandler
DA:3,4
DA:4,0
DA:5,0
LF:3
LH:1
BRDA:5,0,0,0
BRDA:5,0,1,0
BRDA:5,1,0,0
BRDA:5,1,1,0
BRF:4
BRH:0
end_of_record
TN:
SF:src\middleware\validation.ts
FN:4,(anonymous_0)
FN:5,(anonymous_1)
FNF:2
FNH:2
FNDA:24,(anonymous_0)
FNDA:15,(anonymous_1)
DA:4,4
DA:5,24
DA:6,15
DA:7,15
DA:8,0
DA:9,0
DA:11,15
LF:7
LH:5
BRDA:7,0,0,0
BRDA:7,0,1,15
BRF:2
BRH:1
end_of_record
TN:
SF:src\repositories\LoanRepository.ts
FN:4,getAllLoans
FN:6,(anonymous_9)
FN:9,getLoanById
FN:14,createLoan
FN:26,updateLoan
FN:33,deleteLoan
FN:42,assessRisk
FNF:7
FNH:7
FNDA:2,getAllLoans
FNDA:25,(anonymous_9)
FNDA:4,getLoanById
FNDA:4,createLoan
FNDA:3,updateLoan
FNDA:2,deleteLoan
FNDA:4,assessRisk
DA:2,4
DA:4,4
DA:5,2
DA:6,25
DA:9,4
DA:10,4
DA:11,4
DA:14,4
DA:15,4
DA:16,4
DA:22,4
DA:23,4
DA:26,4
DA:27,3
DA:28,3
DA:29,3
DA:30,3
DA:33,4
DA:34,2
DA:35,2
DA:36,2
DA:38,0
DA:43,4
DA:44,1
DA:45,0
LF:25
LH:23
BRDA:11,0,0,4
BRDA:11,0,1,0
BRDA:30,1,0,3
BRDA:30,1,1,0
BRDA:43,2,0,3
BRDA:43,2,1,1
BRDA:44,3,0,1
BRDA:44,3,1,0
BRF:8
BRH:5
end_of_record
TN:
SF:src\repositories\clientRepository.ts
FN:4,getAllClients
FN:6,(anonymous_9)
FN:9,getClientById
FN:14,createClient
FN:24,updateClient
FN:31,deleteClient
FN:40,getClientsByName
FN:42,(anonymous_20)
FNF:8
FNH:6
FNDA:1,getAllClients
FNDA:53,(anonymous_9)
FNDA:3,getClientById
FNDA:7,createClient
FNDA:1,updateClient
FNDA:1,deleteClient
FNDA:0,getClientsByName
FNDA:0,(anonymous_20)
DA:2,4
DA:4,4
DA:5,1
DA:6,53
DA:9,4
DA:10,3
DA:11,3
DA:14,4
DA:15,7
DA:20,7
DA:21,7
DA:24,4
DA:25,1
DA:26,1
DA:27,1
DA:28,1
DA:31,4
DA:32,1
DA:33,1
DA:34,1
DA:36,0
DA:40,4
DA:41,0
DA:42,0
LF:24
LH:21
BRDA:11,0,0,3
BRDA:11,0,1,0
BRDA:28,1,0,1
BRDA:28,1,1,0
BRF:4
BRH:2
end_of_record
TN:
SF:src\routes\clientRoutes.ts
FNF:0
FNH:0
DA:1,4
DA:2,4
DA:3,4
DA:4,4
DA:5,4
DA:7,4
DA:48,4
DA:77,4
DA:132,4
DA:189,4
DA:210,4
DA:212,4
LF:12
LH:12
BRF:0
BRH:0
end_of_record
TN:
SF:src\routes\loanRoutes.ts
FNF:0
FNH:0
DA:1,4
DA:2,4
DA:3,4
DA:4,4
DA:5,4
DA:7,4
DA:72,4
DA:101,4
DA:160,4
DA:217,4
DA:238,4
DA:240,4
LF:12
LH:12
BRF:0
BRH:0
end_of_record
TN:
SF:src\routes\userRoutes.ts
FNF:0
FNH:0
DA:1,4
DA:2,4
DA:10,4
DA:11,4
DA:12,4
DA:14,4
DA:17,4
DA:20,4
DA:23,4
DA:26,4
DA:29,4
DA:32,4
DA:34,4
LF:13
LH:13
BRF:0
BRH:0
end_of_record
TN:
SF:src\services\clientService.ts
FN:6,(anonymous_16)
FN:10,(anonymous_18)
FN:14,(anonymous_20)
FN:24,(anonymous_22)
FN:28,(anonymous_24)
FN:32,(anonymous_26)
FNF:6
FNH:5
FNDA:1,(anonymous_16)
FNDA:3,(anonymous_18)
FNDA:7,(anonymous_20)
FNDA:1,(anonymous_22)
FNDA:1,(anonymous_24)
FNDA:0,(anonymous_26)
DA:1,4
DA:3,4
DA:5,4
DA:7,1
DA:11,3
DA:15,7
DA:16,7
DA:17,7
DA:19,4
DA:21,7
DA:25,1
DA:29,1
DA:33,0
LF:13
LH:12
BRF:0
BRH:0
end_of_record
TN:
SF:src\services\loanServices.ts
FN:6,(anonymous_16)
FN:9,(anonymous_17)
FN:15,(anonymous_19)
FN:18,(anonymous_20)
FN:24,(anonymous_21)
FN:36,(anonymous_22)
FN:40,(anonymous_24)
FN:45,(anonymous_26)
FN:66,(anonymous_28)
FNF:9
FNH:7
FNDA:4,(anonymous_16)
FNDA:2,(anonymous_17)
FNDA:12,(anonymous_19)
FNDA:0,(anonymous_20)
FNDA:0,(anonymous_21)
FNDA:1,(anonymous_22)
FNDA:4,(anonymous_24)
FNDA:3,(anonymous_26)
FNDA:2,(anonymous_28)
DA:1,4
DA:3,4
DA:4,4
DA:6,4
DA:7,4
DA:10,2
DA:13,2
DA:14,2
DA:15,12
DA:17,2
DA:18,0
DA:23,2
DA:24,0
DA:25,0
DA:26,0
DA:27,0
DA:28,0
DA:29,0
DA:33,2
DA:37,1
DA:41,4
DA:42,4
DA:46,3
DA:47,3
DA:49,3
DA:50,3
DA:51,3
DA:52,1
DA:53,1
DA:54,1
DA:57,3
DA:58,1
DA:59,1
DA:60,1
DA:63,3
DA:67,2
LF:36
LH:29
BRDA:13,0,0,2
BRDA:13,0,1,0
BRDA:14,1,0,1
BRDA:14,1,1,1
BRDA:17,2,0,0
BRDA:17,2,1,2
BRDA:23,3,0,0
BRDA:23,3,1,2
BRDA:23,4,0,2
BRDA:23,4,1,0
BRDA:27,5,0,0
BRDA:27,5,1,0
BRDA:27,6,0,0
BRDA:27,6,1,0
BRDA:28,7,0,0
BRDA:28,7,1,0
BRDA:28,8,0,0
BRDA:28,8,1,0
BRDA:47,9,0,0
BRDA:47,9,1,3
BRDA:51,10,0,1
BRDA:51,10,1,2
BRDA:51,11,0,3
BRDA:51,11,1,3
BRDA:51,11,2,1
BRDA:53,12,0,1
BRDA:53,12,1,0
BRDA:57,13,0,1
BRDA:57,13,1,2
BRDA:57,14,0,3
BRDA:57,14,1,3
BRDA:57,14,2,1
BRDA:59,15,0,1
BRDA:59,15,1,0
BRF:34
BRH:19
end_of_record
TN:
SF:src\services\userService.ts
FN:4,getAllUsers
FN:6,(anonymous_9)
FN:9,getUserById
FN:14,createUser
FN:27,updateUser
FN:32,deleteUser
FNF:6
FNH:0
FNDA:0,getAllUsers
FNDA:0,(anonymous_9)
FNDA:0,getUserById
FNDA:0,createUser
FNDA:0,updateUser
FNDA:0,deleteUser
DA:2,4
DA:4,4
DA:5,0
DA:6,0
DA:9,4
DA:10,0
DA:11,0
DA:14,4
DA:16,0
DA:23,0
DA:24,0
DA:27,4
DA:28,0
DA:29,0
DA:32,4
DA:33,0
LF:16
LH:6
BRDA:11,0,0,0
BRDA:11,0,1,0
BRDA:19,1,0,0
BRDA:19,1,1,0
BRF:4
BRH:0
end_of_record
TN:
SF:src\utils\emailService.ts
FN:3,sendEmail
FNF:1
FNH:1
FNDA:4,sendEmail
DA:1,3
DA:3,3
DA:5,4
DA:6,0
DA:7,0
DA:8,0
DA:11,4
DA:12,4
DA:22,4
DA:29,0
DA:31,4
DA:32,4
LF:12
LH:8
BRDA:5,0,0,0
BRDA:5,0,1,4
BRDA:5,1,0,4
BRDA:5,1,1,4
BRDA:13,2,0,4
BRDA:13,2,1,0
BRDA:14,3,0,4
BRDA:14,3,1,0
BRDA:23,4,0,4
BRDA:23,4,1,0
BRF:10
BRH:6
end_of_record
